2022-11-06 11:38:06,243 [INFO] Activator:177 - 


2022-11-06 11:38:06,248 [INFO] Activator:178 - !SESSION log4j initialized
2022-11-06 11:38:14,728 [INFO] McuFinderGlobals:44 - Set McuFinder mode to 2 (CubeIDE integrated)
2022-11-06 11:38:16,299 [INFO] ApplicationProperties:181 - Using Application install path: C:\ST\STM32CubeIDE_1.10.1\STM32CubeIDE\plugins\com.st.stm32cube.common.mx_6.6.1.202207061420
2022-11-06 11:38:16,314 [INFO] DbMcusXml:77 - Set database path to: C:\ST\STM32CubeIDE_1.10.1\STM32CubeIDE\plugins\com.st.stm32cube.common.mx_6.6.1.202207061420\\db\/mcu/
2022-11-06 11:38:16,314 [INFO] ApiDb:269 - Set plugin database path to: C:\ST\STM32CubeIDE_1.10.1\STM32CubeIDE\plugins\com.st.stm32cube.common.mx_6.6.1.202207061420\\db\/plugins/boardmanager/
2022-11-06 11:38:16,319 [WARN] ApiDb:254 - Overriding images path with different value:  => C:\ST\STM32CubeIDE_1.10.1\STM32CubeIDE\plugins\com.st.stm32cube.common.mx_6.6.1.202207061420\\db\/plugins/mcufinder/images/
2022-11-06 11:38:16,339 [INFO] ApiDb:249 - Set database path to: C:\Users\rafik\.stmcufinder\plugins\mcufinder//mcu/
2022-11-06 11:38:16,339 [INFO] DbMcusAds:124 - Set database path to: C:\Users\rafik\.stmcufinder\plugins\mcufinder//mcu/
2022-11-06 11:38:16,344 [INFO] CrossReferenceDbSqlite:201 - Set database path to: C:\Users\rafik\.stmcufinder\plugins\mcufinder//mcu/cs/
2022-11-06 11:38:16,464 [INFO] RulesReader:61 - Compatibility file has been processed (282 Rules)
2022-11-06 11:38:16,569 [INFO] DbMcusXml:77 - Set database path to: C:\ST\STM32CubeIDE_1.10.1\STM32CubeIDE\plugins\com.st.stm32cube.common.mx_6.6.1.202207061420\\db\/mcu/
2022-11-06 11:38:16,569 [INFO] ApiDb:269 - Set plugin database path to: C:\ST\STM32CubeIDE_1.10.1\STM32CubeIDE\plugins\com.st.stm32cube.common.mx_6.6.1.202207061420\\db\/plugins/boardmanager/
2022-11-06 11:38:16,569 [INFO] ApiDb:256 - Set plugin images path to: C:\ST\STM32CubeIDE_1.10.1\STM32CubeIDE\plugins\com.st.stm32cube.common.mx_6.6.1.202207061420\\db\/plugins/mcufinder/images/
2022-11-06 11:38:16,569 [WARN] DbFile:40 - Overriding database path with different value: C:\Users\rafik\.stmcufinder\plugins\mcufinder/ => C:\Users\rafik\.stmcufinder\plugins\mcufinder
2022-11-06 11:38:16,569 [INFO] ApiDb:249 - Set database path to: C:\Users\rafik\.stmcufinder\plugins\mcufinder//mcu/
2022-11-06 11:38:16,569 [WARN] DbFile:40 - Overriding database path with different value: C:\Users\rafik\.stmcufinder\plugins\mcufinder/ => C:\Users\rafik\.stmcufinder\plugins\mcufinder
2022-11-06 11:38:16,569 [INFO] DbMcusAds:124 - Set database path to: C:\Users\rafik\.stmcufinder\plugins\mcufinder//mcu/
2022-11-06 11:38:16,569 [WARN] DbFile:40 - Overriding database path with different value: C:\Users\rafik\.stmcufinder\plugins\mcufinder/ => C:\Users\rafik\.stmcufinder\plugins\mcufinder
2022-11-06 11:38:16,574 [WARN] DbFile:40 - Overriding database path with different value: C:\Users\rafik\.stmcufinder\plugins\mcufinder/ => C:\Users\rafik\.stmcufinder\plugins\mcufinder
2022-11-06 11:38:16,574 [INFO] CrossReferenceDbSqlite:201 - Set database path to: C:\Users\rafik\.stmcufinder\plugins\mcufinder//mcu/cs/
2022-11-06 11:38:16,664 [INFO] MainPanel:242 - HeapMemory: 268435456
2022-11-06 11:38:16,774 [INFO] DbMcusXml:77 - Set database path to: C:\ST\STM32CubeIDE_1.10.1\STM32CubeIDE\plugins\com.st.stm32cube.common.mx_6.6.1.202207061420\\db\/mcu/
2022-11-06 11:38:16,774 [INFO] ApiDb:269 - Set plugin database path to: C:\ST\STM32CubeIDE_1.10.1\STM32CubeIDE\plugins\com.st.stm32cube.common.mx_6.6.1.202207061420\\db\/plugins/boardmanager/
2022-11-06 11:38:16,774 [INFO] ApiDb:256 - Set plugin images path to: C:\ST\STM32CubeIDE_1.10.1\STM32CubeIDE\plugins\com.st.stm32cube.common.mx_6.6.1.202207061420\\db\/plugins/mcufinder/images/
2022-11-06 11:38:16,774 [WARN] DbFile:40 - Overriding database path with different value: C:\Users\rafik\.stmcufinder\plugins\mcufinder/ => C:\Users\rafik\.stmcufinder\plugins\mcufinder
2022-11-06 11:38:16,774 [INFO] ApiDb:249 - Set database path to: C:\Users\rafik\.stmcufinder\plugins\mcufinder//mcu/
2022-11-06 11:38:16,774 [WARN] DbFile:40 - Overriding database path with different value: C:\Users\rafik\.stmcufinder\plugins\mcufinder/ => C:\Users\rafik\.stmcufinder\plugins\mcufinder
2022-11-06 11:38:16,774 [INFO] DbMcusAds:124 - Set database path to: C:\Users\rafik\.stmcufinder\plugins\mcufinder//mcu/
2022-11-06 11:38:16,774 [WARN] DbFile:40 - Overriding database path with different value: C:\Users\rafik\.stmcufinder\plugins\mcufinder/ => C:\Users\rafik\.stmcufinder\plugins\mcufinder
2022-11-06 11:38:16,774 [WARN] DbFile:40 - Overriding database path with different value: C:\Users\rafik\.stmcufinder\plugins\mcufinder/ => C:\Users\rafik\.stmcufinder\plugins\mcufinder
2022-11-06 11:38:16,774 [INFO] CrossReferenceDbSqlite:201 - Set database path to: C:\Users\rafik\.stmcufinder\plugins\mcufinder//mcu/cs/
2022-11-06 11:38:16,789 [INFO] ApplicationProperties:181 - Using Application install path: C:\ST\STM32CubeIDE_1.10.1\STM32CubeIDE\plugins\com.st.stm32cube.common.mx_6.6.1.202207061420
2022-11-06 11:38:16,789 [INFO] PluginManage:193 - Search for loadable plugins [exclusion list=, ]
2022-11-06 11:38:16,804 [INFO] PluginManage:307 - Check plugin analytics
2022-11-06 11:38:21,552 [INFO] AnalyticsPlugin:262 - Accepted Software Licenses: 
2022-11-06 11:38:21,568 [INFO] AnalyticsPlugin:264 - Accepted CMSIS Pack Licenses: 
2022-11-06 11:38:21,568 [INFO] AnalyticsPlugin:266 - Accepted Firmware Licenses: 
2022-11-06 11:38:21,568 [INFO] PluginManage:356 - Loaded plugin analytics (category:tool,tabindex:-1)
2022-11-06 11:38:21,583 [INFO] PluginManage:307 - Check plugin cadmodel
2022-11-06 11:38:21,599 [INFO] CADModel:65 - Init CAD model plugin
2022-11-06 11:38:21,599 [INFO] PluginManage:356 - Loaded plugin cadmodel (category:power,tabindex:5)
2022-11-06 11:38:21,599 [INFO] PluginManage:307 - Check plugin clock
2022-11-06 11:38:21,617 [INFO] PluginManage:356 - Loaded plugin clock (category:base,tabindex:2)
2022-11-06 11:38:21,617 [INFO] PluginManage:307 - Check plugin ddr
2022-11-06 11:38:21,631 [INFO] PluginManage:356 - Loaded plugin ddr (category:tool,tabindex:6)
2022-11-06 11:38:21,631 [INFO] PluginManage:307 - Check plugin filemanager
2022-11-06 11:38:21,803 [INFO] PluginManage:356 - Loaded plugin filemanager (category:base,tabindex:10)
2022-11-06 11:38:21,803 [INFO] PluginManage:307 - Check plugin ipmanager
2022-11-06 11:38:21,835 [INFO] PluginManage:356 - Loaded plugin ipmanager (category:base,tabindex:5)
2022-11-06 11:38:21,835 [INFO] PluginManage:307 - Check plugin lpbam
2022-11-06 11:38:21,850 [INFO] PluginManage:356 - Loaded plugin lpbam (category:base,tabindex:0)
2022-11-06 11:38:21,850 [INFO] PluginManage:307 - Check plugin pinoutandconfiguration
2022-11-06 11:38:21,866 [INFO] PluginManage:356 - Loaded plugin pinoutandconfiguration (category:base,tabindex:1)
2022-11-06 11:38:21,866 [INFO] PluginManage:307 - Check plugin pinoutconfig
2022-11-06 11:38:21,913 [INFO] PluginManage:356 - Loaded plugin pinoutconfig (category:base,tabindex:0)
2022-11-06 11:38:21,913 [INFO] PluginManage:307 - Check plugin power
2022-11-06 11:38:21,929 [INFO] PluginManage:356 - Loaded plugin power (category:power,tabindex:4)
2022-11-06 11:38:21,929 [INFO] PluginManage:307 - Check plugin projectmanager
2022-11-06 11:38:21,945 [INFO] PluginManage:356 - Loaded plugin projectmanager (category:projectmanager,tabindex:3)
2022-11-06 11:38:21,945 [INFO] PluginManage:307 - Check plugin thirdparty
2022-11-06 11:38:22,195 [WARN] IntegrityCheckThread:82 - waiting for thirdparty lock release [integrity check]
2022-11-06 11:38:22,195 [INFO] PluginManage:356 - Loaded plugin thirdparty (category:base,tabindex:-1)
2022-11-06 11:38:22,195 [INFO] IntegrityCheckThread:84 - entering critical section [integrity check]
2022-11-06 11:38:22,195 [INFO] PluginManage:307 - Check plugin tools
2022-11-06 11:38:22,195 [INFO] ThirdPartyUpdaterWithRetryManager:70 - Updater plugin not ready yet. [1/15]
2022-11-06 11:38:22,227 [INFO] PluginManage:356 - Loaded plugin tools (category:base,tabindex:7)
2022-11-06 11:38:22,227 [INFO] PluginManage:307 - Check plugin tutovideos
2022-11-06 11:38:22,447 [INFO] PluginManage:356 - Loaded plugin tutovideos (category:base,tabindex:-1)
2022-11-06 11:38:22,447 [INFO] PluginManage:307 - Check plugin updater
2022-11-06 11:38:22,462 [INFO] PluginManage:356 - Loaded plugin updater (category:base,tabindex:12)
2022-11-06 11:38:22,462 [INFO] PluginManage:280 - PluginManage : Loaded plugins [15]
2022-11-06 11:38:22,745 [INFO] PinOutPanel:1468 - setPackage(No Configuration,No Configuration)
2022-11-06 11:38:22,824 [INFO] CADModel:98 - CPN selected for project level
2022-11-06 11:38:22,855 [INFO] IPUIPlugin:79 - create IPUIPlugin
2022-11-06 11:38:22,855 [INFO] PluginManager:217 - loadIPPluginJar : add adc
2022-11-06 11:38:22,871 [INFO] IPUIPlugin:79 - create IPUIPlugin
2022-11-06 11:38:22,871 [INFO] PluginManager:217 - loadIPPluginJar : add aes
2022-11-06 11:38:22,902 [INFO] IPUIPlugin:79 - create IPUIPlugin
2022-11-06 11:38:22,902 [INFO] PluginManager:217 - loadIPPluginJar : add can
2022-11-06 11:38:22,920 [INFO] IPUIPlugin:79 - create IPUIPlugin
2022-11-06 11:38:22,920 [INFO] PluginManager:217 - loadIPPluginJar : add comp
2022-11-06 11:38:22,949 [INFO] IPUIPlugin:79 - create IPUIPlugin
2022-11-06 11:38:22,949 [INFO] PluginManager:217 - loadIPPluginJar : add cryp
2022-11-06 11:38:22,965 [INFO] IPUIPlugin:79 - create IPUIPlugin
2022-11-06 11:38:22,965 [INFO] PluginManager:217 - loadIPPluginJar : add dfsdm
2022-11-06 11:38:22,980 [INFO] IPUIPlugin:79 - create IPUIPlugin
2022-11-06 11:38:22,980 [INFO] PluginManager:217 - loadIPPluginJar : add dma
2022-11-06 11:38:23,012 [INFO] IPUIPlugin:79 - create IPUIPlugin
2022-11-06 11:38:23,012 [INFO] PluginManager:217 - loadIPPluginJar : add dma3
2022-11-06 11:38:23,028 [INFO] IPUIPlugin:79 - create IPUIPlugin
2022-11-06 11:38:23,028 [INFO] PluginManager:217 - loadIPPluginJar : add fatfs
2022-11-06 11:38:23,059 [INFO] IPUIPlugin:79 - create IPUIPlugin
2022-11-06 11:38:23,059 [INFO] PluginManager:217 - loadIPPluginJar : add fmc
2022-11-06 11:38:23,075 [INFO] IPUIPlugin:79 - create IPUIPlugin
2022-11-06 11:38:23,075 [INFO] PluginManager:217 - loadIPPluginJar : add freertos
2022-11-06 11:38:23,090 [INFO] IPUIPlugin:79 - create IPUIPlugin
2022-11-06 11:38:23,090 [INFO] PluginManager:217 - loadIPPluginJar : add genericplugin
2022-11-06 11:38:23,153 [INFO] IPUIPlugin:79 - create IPUIPlugin
2022-11-06 11:38:23,153 [INFO] PluginManager:217 - loadIPPluginJar : add gfxmmu
2022-11-06 11:38:23,232 [INFO] IPUIPlugin:79 - create IPUIPlugin
2022-11-06 11:38:23,232 [INFO] PluginManager:217 - loadIPPluginJar : add gic
2022-11-06 11:38:23,248 [INFO] IPUIPlugin:79 - create IPUIPlugin
2022-11-06 11:38:23,248 [INFO] PluginManager:217 - loadIPPluginJar : add gpio
2022-11-06 11:38:23,310 [INFO] IPUIPlugin:79 - create IPUIPlugin
2022-11-06 11:38:23,310 [INFO] PluginManager:217 - loadIPPluginJar : add gtzc
2022-11-06 11:38:23,326 [INFO] IPUIPlugin:79 - create IPUIPlugin
2022-11-06 11:38:23,326 [INFO] PluginManager:217 - loadIPPluginJar : add hash
2022-11-06 11:38:23,373 [INFO] IPUIPlugin:79 - create IPUIPlugin
2022-11-06 11:38:23,373 [INFO] PluginManager:217 - loadIPPluginJar : add i2c
2022-11-06 11:38:23,389 [INFO] IPUIPlugin:79 - create IPUIPlugin
2022-11-06 11:38:23,389 [INFO] PluginManager:217 - loadIPPluginJar : add i2s
2022-11-06 11:38:23,483 [INFO] IPUIPlugin:79 - create IPUIPlugin
2022-11-06 11:38:23,483 [INFO] PluginManager:217 - loadIPPluginJar : add ipddr
2022-11-06 11:38:23,546 [INFO] IPUIPlugin:79 - create IPUIPlugin
2022-11-06 11:38:23,546 [INFO] PluginManager:217 - loadIPPluginJar : add linkedlist
2022-11-06 11:38:23,577 [INFO] IPUIPlugin:79 - create IPUIPlugin
2022-11-06 11:38:23,577 [INFO] PluginManager:217 - loadIPPluginJar : add lorawan
2022-11-06 11:38:23,593 [INFO] IPUIPlugin:79 - create IPUIPlugin
2022-11-06 11:38:23,593 [INFO] PluginManager:217 - loadIPPluginJar : add ltdc
2022-11-06 11:38:23,609 [INFO] IPUIPlugin:79 - create IPUIPlugin
2022-11-06 11:38:23,609 [INFO] PluginManager:217 - loadIPPluginJar : add mdma
2022-11-06 11:38:23,625 [INFO] IPUIPlugin:79 - create IPUIPlugin
2022-11-06 11:38:23,625 [INFO] PluginManager:217 - loadIPPluginJar : add nvic
2022-11-06 11:38:23,640 [INFO] IPUIPlugin:79 - create IPUIPlugin
2022-11-06 11:38:23,640 [INFO] PluginManager:217 - loadIPPluginJar : add opamp
2022-11-06 11:38:23,687 [INFO] IPUIPlugin:79 - create IPUIPlugin
2022-11-06 11:38:23,687 [INFO] PluginManager:217 - loadIPPluginJar : add openamp
2022-11-06 11:38:23,722 [INFO] IPUIPlugin:79 - create IPUIPlugin
2022-11-06 11:38:23,722 [INFO] PluginManager:217 - loadIPPluginJar : add pdm2pcm
2022-11-06 11:38:23,734 [INFO] IPUIPlugin:79 - create IPUIPlugin
2022-11-06 11:38:23,734 [INFO] PluginManager:217 - loadIPPluginJar : add plateformsettings
2022-11-06 11:38:23,750 [INFO] IPUIPlugin:79 - create IPUIPlugin
2022-11-06 11:38:23,750 [INFO] PluginManager:217 - loadIPPluginJar : add quadspi
2022-11-06 11:38:23,766 [INFO] IPUIPlugin:79 - create IPUIPlugin
2022-11-06 11:38:23,766 [INFO] PluginManager:217 - loadIPPluginJar : add resmgrutility
2022-11-06 11:38:23,797 [INFO] IPUIPlugin:79 - create IPUIPlugin
2022-11-06 11:38:23,797 [INFO] PluginManager:217 - loadIPPluginJar : add sai
2022-11-06 11:38:23,829 [INFO] IPUIPlugin:79 - create IPUIPlugin
2022-11-06 11:38:23,829 [INFO] PluginManager:217 - loadIPPluginJar : add spi
2022-11-06 11:38:23,876 [INFO] IPUIPlugin:79 - create IPUIPlugin
2022-11-06 11:38:23,876 [INFO] PluginManager:217 - loadIPPluginJar : add stm32_wpan
2022-11-06 11:38:23,891 [INFO] IPUIPlugin:79 - create IPUIPlugin
2022-11-06 11:38:23,891 [INFO] PluginManager:217 - loadIPPluginJar : add tim
2022-11-06 11:38:23,939 [INFO] IPUIPlugin:79 - create IPUIPlugin
2022-11-06 11:38:23,939 [INFO] PluginManager:217 - loadIPPluginJar : add touchsensing
2022-11-06 11:38:23,954 [INFO] IPUIPlugin:79 - create IPUIPlugin
2022-11-06 11:38:23,954 [INFO] PluginManager:217 - loadIPPluginJar : add tracer_emb
2022-11-06 11:38:23,970 [INFO] IPUIPlugin:79 - create IPUIPlugin
2022-11-06 11:38:23,970 [INFO] PluginManager:217 - loadIPPluginJar : add ts
2022-11-06 11:38:23,986 [INFO] IPUIPlugin:79 - create IPUIPlugin
2022-11-06 11:38:23,986 [INFO] PluginManager:217 - loadIPPluginJar : add tsc
2022-11-06 11:38:24,001 [INFO] IPUIPlugin:79 - create IPUIPlugin
2022-11-06 11:38:24,001 [INFO] PluginManager:217 - loadIPPluginJar : add ucpd
2022-11-06 11:38:24,033 [INFO] IPUIPlugin:79 - create IPUIPlugin
2022-11-06 11:38:24,033 [INFO] PluginManager:217 - loadIPPluginJar : add usart
2022-11-06 11:38:24,064 [INFO] IPUIPlugin:79 - create IPUIPlugin
2022-11-06 11:38:24,064 [INFO] PluginManager:217 - loadIPPluginJar : add usbx
2022-11-06 11:38:24,390 [FATAL] Updater:301 - Updater called before beeing initialized
2022-11-06 11:38:24,532 [FATAL] Updater:301 - Updater called before beeing initialized
2022-11-06 11:38:24,547 [INFO] DbMcusAds:52 - JSON generation date=Thu Sep 30 08:55:09 EET 2021 (1632984909377)
2022-11-06 11:38:24,547 [FATAL] Updater:301 - Updater called before beeing initialized
2022-11-06 11:38:24,624 [WARN] DetailPanel:344 - Failed to get advertising image, set to default
2022-11-06 11:38:24,751 [FATAL] Updater:301 - Updater called before beeing initialized
2022-11-06 11:38:24,751 [FATAL] Updater:301 - Updater called before beeing initialized
2022-11-06 11:38:24,751 [FATAL] Updater:301 - Updater called before beeing initialized
2022-11-06 11:38:24,751 [WARN] DetailPanel:344 - Failed to get advertising image, set to default
2022-11-06 11:38:24,751 [FATAL] Updater:301 - Updater called before beeing initialized
2022-11-06 11:38:24,830 [ERROR] Updater:1105 - MainUpdater not yet initialized. External WinMGr cannot be set.
2022-11-06 11:38:24,830 [INFO] Updater:1041 - Updater Version found : 6.6.1
2022-11-06 11:38:24,846 [INFO] ApplicationProperties:181 - Using Application install path: C:\ST\STM32CubeIDE_1.10.1\STM32CubeIDE\plugins\com.st.stm32cube.common.mx_6.6.1.202207061420
2022-11-06 11:38:25,206 [INFO] ThirdPartyUpdaterWithRetryManager:70 - Updater plugin not ready yet. [2/15]
2022-11-06 11:38:25,411 [INFO] MainUpdater:2768 - connection check result : 10
2022-11-06 11:38:25,411 [INFO] MainUpdater:3453 - Updater definition file requires update
2022-11-06 11:38:25,411 [INFO] MainUpdater:280 - Updater Check For Update Now.
2022-11-06 11:38:25,411 [INFO] MicroXplorer:481 - Change Database Version : DB.6.0.60
2022-11-06 11:38:25,536 [INFO] ServerAccessManage:474 - Download File updaters.zip
2022-11-06 11:38:25,897 [INFO] FileExtend:239 - Unzip File : updaters.zip
2022-11-06 11:38:25,897 [INFO] FileExtend:254 - Standard Zip Deflate
2022-11-06 11:38:26,478 [INFO] ServerAccessManage:474 - Download File PacksControlFlags.xml
2022-11-06 11:38:26,651 [INFO] ServerAccessManage:474 - Download File cubemx.pidx
2022-11-06 11:38:27,059 [INFO] ServerAccessManage:474 - Download File STMicroelectronics.X-CUBE-AI.pdsc
2022-11-06 11:38:28,221 [WARN] MainUpdater:1184 - Updater busy. Cannot search thirdparties
2022-11-06 11:38:28,221 [INFO] ThirdPartyUpdaterWithRetryManager:96 - Updater plugin is busy. [1/15]
2022-11-06 11:38:28,333 [INFO] ServerAccessManage:474 - Download File STMicroelectronics.X-CUBE-ISPU.pdsc
2022-11-06 11:38:28,770 [INFO] ServerAccessManage:474 - Download File STMicroelectronics.X-CUBE-TOF1.pdsc
2022-11-06 11:38:29,414 [ERROR] ServerAccessManage:1090 - Problem, file not found on Server
2022-11-06 11:38:30,058 [WARN] PackLoader:242 - Cannot read IP mode file for STMicroelectronics.X-CUBE-AI.7.3.0
2022-11-06 11:38:30,074 [WARN] PackLoader:242 - Cannot read IP mode file for STMicroelectronics.X-CUBE-ISPU.1.1.0
2022-11-06 11:38:30,089 [WARN] PackLoader:242 - Cannot read IP mode file for STMicroelectronics.X-CUBE-TOF1.3.2.0
2022-11-06 11:38:30,105 [INFO] PopulateThirdPartyThread:64 - Ending populate Thread
2022-11-06 11:38:30,105 [INFO] ThirdParty:981 - CMSIS Pack Vendor :STMicroelectronics X-CUBE-ISPU 1.1.0
2022-11-06 11:38:30,105 [INFO] ThirdParty:981 - CMSIS Pack Vendor :STMicroelectronics X-CUBE-TOF1 3.2.0
2022-11-06 11:38:30,120 [INFO] ThirdParty:981 - CMSIS Pack Vendor :STMicroelectronics X-CUBE-AI 7.3.0
2022-11-06 11:38:30,120 [INFO] LoadServerUpdatesThread:367 - End of LoadServerUpdate Thread
2022-11-06 11:38:30,167 [INFO] CheckServerUpdateThread:119 - End of CheckServer Thread
2022-11-06 11:38:30,340 [INFO] MainUpdater:2768 - connection check result : 10
2022-11-06 11:38:30,356 [INFO] McuFinderGlobals:57 - Set McuFinderConnectedMode to true
2022-11-06 11:38:31,038 [INFO] ServerAccessManage:474 - Download File mcusAds.json._tmp_
2022-11-06 11:38:31,157 [INFO] LoadUrlFilesThread:150 - End of LoadUrlFiles Thread
2022-11-06 11:38:31,235 [WARN] MainUpdater:1184 - Updater busy. Cannot search thirdparties
2022-11-06 11:38:31,235 [INFO] ThirdPartyUpdaterWithRetryManager:96 - Updater plugin is busy. [2/15]
2022-11-06 11:38:31,298 [INFO] ServerAccessManage:474 - Download File cube-finder-db.zip
2022-11-06 11:38:34,237 [WARN] MainUpdater:1184 - Updater busy. Cannot search thirdparties
2022-11-06 11:38:34,237 [INFO] ThirdPartyUpdaterWithRetryManager:96 - Updater plugin is busy. [3/15]
2022-11-06 11:38:35,635 [ERROR] LogOutputStream:74 - [STDERR_REDIRECT] SLF4J: Failed to load class "org.slf4j.impl.StaticLoggerBinder".
2022-11-06 11:38:35,635 [ERROR] LogOutputStream:74 - [STDERR_REDIRECT] SLF4J: Defaulting to no-operation (NOP) logger implementation
2022-11-06 11:38:35,635 [ERROR] LogOutputStream:74 - [STDERR_REDIRECT] SLF4J: See http://www.slf4j.org/codes.html#StaticLoggerBinder for further details.
2022-11-06 11:38:37,237 [WARN] MainUpdater:1184 - Updater busy. Cannot search thirdparties
2022-11-06 11:38:37,237 [INFO] ThirdPartyUpdaterWithRetryManager:96 - Updater plugin is busy. [4/15]
2022-11-06 11:38:40,239 [WARN] MainUpdater:1184 - Updater busy. Cannot search thirdparties
2022-11-06 11:38:40,239 [INFO] ThirdPartyUpdaterWithRetryManager:96 - Updater plugin is busy. [5/15]
2022-11-06 11:38:43,240 [WARN] MainUpdater:1184 - Updater busy. Cannot search thirdparties
2022-11-06 11:38:43,240 [INFO] ThirdPartyUpdaterWithRetryManager:96 - Updater plugin is busy. [6/15]
2022-11-06 11:38:46,246 [WARN] MainUpdater:1184 - Updater busy. Cannot search thirdparties
2022-11-06 11:38:46,246 [INFO] ThirdPartyUpdaterWithRetryManager:96 - Updater plugin is busy. [7/15]
2022-11-06 11:38:49,247 [WARN] MainUpdater:1184 - Updater busy. Cannot search thirdparties
2022-11-06 11:38:49,247 [INFO] ThirdPartyUpdaterWithRetryManager:96 - Updater plugin is busy. [8/15]
2022-11-06 11:38:52,250 [WARN] MainUpdater:1184 - Updater busy. Cannot search thirdparties
2022-11-06 11:38:52,250 [INFO] ThirdPartyUpdaterWithRetryManager:96 - Updater plugin is busy. [9/15]
2022-11-06 11:38:55,252 [WARN] MainUpdater:1184 - Updater busy. Cannot search thirdparties
2022-11-06 11:38:55,252 [INFO] ThirdPartyUpdaterWithRetryManager:96 - Updater plugin is busy. [10/15]
2022-11-06 11:38:58,253 [WARN] MainUpdater:1184 - Updater busy. Cannot search thirdparties
2022-11-06 11:38:58,253 [INFO] ThirdPartyUpdaterWithRetryManager:96 - Updater plugin is busy. [11/15]
2022-11-06 11:39:01,256 [WARN] MainUpdater:1184 - Updater busy. Cannot search thirdparties
2022-11-06 11:39:01,256 [INFO] ThirdPartyUpdaterWithRetryManager:96 - Updater plugin is busy. [12/15]
2022-11-06 11:39:04,257 [WARN] MainUpdater:1184 - Updater busy. Cannot search thirdparties
2022-11-06 11:39:04,257 [INFO] ThirdPartyUpdaterWithRetryManager:96 - Updater plugin is busy. [13/15]
2022-11-06 11:39:07,259 [WARN] MainUpdater:1184 - Updater busy. Cannot search thirdparties
2022-11-06 11:39:07,259 [INFO] ThirdPartyUpdaterWithRetryManager:96 - Updater plugin is busy. [14/15]
2022-11-06 11:39:10,259 [WARN] MainUpdater:1184 - Updater busy. Cannot search thirdparties
2022-11-06 11:39:10,259 [INFO] ThirdPartyUpdaterWithRetryManager:96 - Updater plugin is busy. [15/15]
2022-11-06 11:39:10,259 [ERROR] IntegrityCheckThread:128 - Cannot retrieve database content from updater: error -1
2022-11-06 11:39:10,259 [INFO] ThirdParty:929 - Integrity check success = false
2022-11-06 11:39:10,259 [INFO] IntegrityCheckThread:98 - exiting critical section [integrity check]
2022-11-06 11:39:10,259 [INFO] IntegrityCheckThread:101 - End integrity checks thread
2022-11-06 11:39:25,915 [INFO] FileExtend:239 - Unzip File : cube-finder-db.zip
2022-11-06 11:39:25,915 [INFO] FileExtend:254 - Standard Zip Deflate
2022-11-06 11:39:26,618 [INFO] LoadUrlFilesThread:150 - End of LoadUrlFiles Thread
2022-11-06 11:39:27,199 [INFO] ServerAccessManage:474 - Download File crdb.zip
2022-11-06 11:39:28,556 [INFO] FileExtend:239 - Unzip File : crdb.zip
2022-11-06 11:39:28,557 [INFO] FileExtend:254 - Standard Zip Deflate
2022-11-06 11:39:28,706 [INFO] LoadUrlFilesThread:150 - End of LoadUrlFiles Thread
2022-11-06 11:39:28,863 [INFO] ServerAccessManage:474 - Download File tutoVideoDB.zip
2022-11-06 11:39:29,035 [INFO] FileExtend:239 - Unzip File : tutoVideoDB.zip
2022-11-06 11:39:29,035 [INFO] FileExtend:254 - Standard Zip Deflate
2022-11-06 11:39:29,161 [INFO] LoadUrlFilesThread:150 - End of LoadUrlFiles Thread
2022-11-06 11:39:29,193 [INFO] JxBrowserEngine:106 - Initiate JxBrowser Engine with user profile folder
2022-11-06 11:39:29,428 [ERROR] JxBrowserEngine:59 - Can't initiate JxBrowser engine com.teamdev.jxbrowser.engine.ChromiumBinariesExtractionException: Failed to extract Chromium binaries into C:\Users\rafik\.stm32cubemx\.jxbrowser\Chromium
2022-11-06 11:39:29,428 [WARN] DbFile:40 - Overriding database path with different value: C:\Users\rafik\.stmcufinder\plugins\mcufinder/ => C:\Users\rafik\.stmcufinder\plugins\mcufinder
2022-11-06 11:39:29,522 [INFO] ServerAccessManage:474 - Download File api_config.json
2022-11-06 11:39:29,648 [INFO] LoadUrlFilesThread:150 - End of LoadUrlFiles Thread
2022-11-06 11:39:29,648 [INFO] DbMcusAds:52 - JSON generation date=Thu Sep 30 08:56:37 EET 2021 (1632984997303)
2022-11-06 11:39:29,694 [INFO] LoadUrlFilesThread:177 - End of LoadServerUrlFiles without Thread
2022-11-06 11:39:29,694 [INFO] TargetSelectorAdapter:228 - Refresh data is successful
2022-11-06 11:39:29,851 [INFO] ApiDb:576 - Connected to CubeFinder SQLite database (C:\Users\rafik\.stmcufinder\plugins\mcufinder\mcu\cube-finder-db.db)
2022-11-06 11:39:29,882 [INFO] ApiDb:663 - CubeFinder database Data Model version=2.1
2022-11-06 11:39:29,882 [INFO] ApiDb:664 - CubeFinder database Configuration version=3.0.32
2022-11-06 11:39:29,882 [INFO] ApiDb:665 - CubeFinder database generation date=2022-08-05 (1659688109)
2022-11-06 11:39:29,882 [INFO] ApiDb:666 - CubeFinder database FW Pack versions=[STM32Cube_FW_C0_V1.0.0, STM32Cube_FW_F4_V1.27.1, STM32Cube_FW_F7_V1.17.0, STM32Cube_FW_G0_V1.6.1, STM32Cube_FW_G4_V1.5.0, STM32Cube_FW_H7_V1.10.0, STM32Cube_FW_L5_V1.4.0, STM32Cube_FW_U5_V1.1.1, STM32Cube_FW_WB_V1.14.1, STM32Cube_FW_WL_V1.2.0, X-CUBE-ALGOBUILD_V1.3.0, X-CUBE-ALS_V1.0.1, X-CUBE-AZRTOS-F4_V1.1.0, X-CUBE-AZRTOS-F7_V1.1.0, X-CUBE-AZRTOS-G0_V1.1.0, X-CUBE-AZRTOS-G4_V1.0.0, X-CUBE-AZRTOS-H7_V2.1.0, X-CUBE-AZRTOS-L4_V1.0.0, X-CUBE-AZRTOS-L5_V1.0.0, X-CUBE-AZRTOS-WL_V1.0.0, X-CUBE-BLE1_V6.2.3, X-CUBE-BLE2_V3.3.0, X-CUBE-EEPRMA1_V3.1.1, X-CUBE-GNSS1_V6.0.0, X-CUBE-MEMS1_V9.1.0, X-CUBE-MEMS1_V9.3.0, X-CUBE-NFC4_V2.0.4, X-CUBE-NFC7_V1.0.0, X-CUBE-SFXS2LP1_V4.0.0, X-CUBE-SUBG2_V5.0.0]
2022-11-06 11:39:31,766 [INFO] ApiDb:239 - Found 138 in-development CPN: [B-WB1M-WPAN1, NUCLEO-C031C6, STEVAL-STWINBX1, STM320518-EVAL, STM32C0116-DK, STM32C011D6Y3TR, STM32C011D6Y6TR, STM32C011F4P3, STM32C011F4P6, STM32C011F4U3, STM32C011F4U6TR, STM32C011F6P3, STM32C011F6P6, STM32C011F6U3, STM32C011F6U6TR, STM32C011J4M3, STM32C011J4M6, STM32C011J6M3, STM32C011J6M6, STM32C0316-DK, STM32C031C4T3, STM32C031C4T6, STM32C031C4U3, STM32C031C4U6, STM32C031C6T3, STM32C031C6T6, STM32C031C6U3, STM32C031C6U6, STM32C031F4P3, STM32C031F4P6, STM32C031F6P3, STM32C031F6P6, STM32C031G4U3, STM32C031G4U6, STM32C031G6U3, STM32C031G6U6, STM32C031K4T3, STM32C031K4T6, STM32C031K4U3, STM32C031K4U6, STM32C031K6T3, STM32C031K6T6, STM32C031K6U3, STM32C031K6U6, STM32G071K8TXN, STM32G071K8UXN, STM32G081GBU6N, STM32G081KBT6N, STM32G081KBUXN, STM32G0B1CCT6N, STM32G0B1KCT6, STM32G0B1NEY6TR, STM32G0B1RCT6N, STM32G0C1CCT6, STM32G0C1CCT6N, STM32G0C1CCU6N, STM32G0C1CET6N, STM32G0C1CEU6N, STM32G0C1KCT6, STM32G0C1NEY6TR, STM32G0C1RCI6N, STM32G0C1RCT6N, STM32G0C1REI6N, STM32G0C1RET6N, STM32G0C1VCI6, STM32G0C1VEI6, STM32G471CCT6, STM32G471CCU6, STM32G471CET3, STM32G471CET6, STM32G471CEU3, STM32G471CEU6, STM32G471MCT6, STM32G471MET3, STM32G471MET6, STM32G471MEY6TR, STM32G471QCT6, STM32G471QET3, STM32G471RCT6, STM32G471RET3, STM32G471RET6, STM32G471VCH6, STM32G471VCI6, STM32G471VCT6, STM32G471VEH3, STM32G471VEH6, STM32G471VEI3, STM32G471VEI6, STM32G471VET3, STM32G471VET6, STM32G474CCT6, STM32L476VGY6PTR, STM32L4R5QGI6STR, STM32MP131AAE3, STM32MP131AAF3, STM32MP131AAG3, STM32MP131CAE3, STM32MP131CAF3, STM32MP131CAG3, STM32MP131DAE7, STM32MP131DAF7, STM32MP131DAG7, STM32MP131FAE7, STM32MP131FAF7, STM32MP131FAG7, STM32MP133AAE3, STM32MP133AAF3, STM32MP133AAG3, STM32MP133CAE3, STM32MP133CAF3, STM32MP133CAG3, STM32MP133DAE7, STM32MP133DAF7, STM32MP133DAG7, STM32MP133FAE7, STM32MP133FAF7, STM32MP133FAG7, STM32MP135AAE3, STM32MP135AAF3, STM32MP135AAG3, STM32MP135CAE3, STM32MP135CAF3, STM32MP135CAG3, STM32MP135DAE7, STM32MP135DAF7, STM32MP135DAG7, STM32MP135F-DK, STM32MP135FAE7, STM32MP135FAF7, STM32MP135FAG7, STM32U595ZJT6Q, STM32U599BJY6QTR, STM32U599NIH6Q, STM32U599NJH6Q, STM32U5A5ZJT6Q, STM32U5A9BJY6QTR, STM32U5A9NJH6Q, STM32WB1MMCH6]
2022-11-06 11:39:31,766 [INFO] DbMcus:215 - Found 3542 MCUs, 3542 are supported
2022-11-06 11:39:31,766 [INFO] ApiDb:418 - Load user favorites file C:\Users\rafik/.stm32cubeide/favorites.mcus.txt: 0 item(s)
2022-11-06 11:39:31,766 [INFO] ApiDb:422 - User favorites MCUs=[]
2022-11-06 11:39:31,766 [INFO] DbMcus:221 - Set 0 / 0 favorites MCUs
2022-11-06 11:39:31,782 [INFO] ApiDb:663 - CubeFinder database Data Model version=2.1
2022-11-06 11:39:31,782 [INFO] ApiDb:664 - CubeFinder database Configuration version=3.0.32
2022-11-06 11:39:31,782 [INFO] ApiDb:665 - CubeFinder database generation date=2022-08-05 (1659688109)
2022-11-06 11:39:31,782 [INFO] ApiDb:666 - CubeFinder database FW Pack versions=[STM32Cube_FW_C0_V1.0.0, STM32Cube_FW_F4_V1.27.1, STM32Cube_FW_F7_V1.17.0, STM32Cube_FW_G0_V1.6.1, STM32Cube_FW_G4_V1.5.0, STM32Cube_FW_H7_V1.10.0, STM32Cube_FW_L5_V1.4.0, STM32Cube_FW_U5_V1.1.1, STM32Cube_FW_WB_V1.14.1, STM32Cube_FW_WL_V1.2.0, X-CUBE-ALGOBUILD_V1.3.0, X-CUBE-ALS_V1.0.1, X-CUBE-AZRTOS-F4_V1.1.0, X-CUBE-AZRTOS-F7_V1.1.0, X-CUBE-AZRTOS-G0_V1.1.0, X-CUBE-AZRTOS-G4_V1.0.0, X-CUBE-AZRTOS-H7_V2.1.0, X-CUBE-AZRTOS-L4_V1.0.0, X-CUBE-AZRTOS-L5_V1.0.0, X-CUBE-AZRTOS-WL_V1.0.0, X-CUBE-BLE1_V6.2.3, X-CUBE-BLE2_V3.3.0, X-CUBE-EEPRMA1_V3.1.1, X-CUBE-GNSS1_V6.0.0, X-CUBE-MEMS1_V9.1.0, X-CUBE-MEMS1_V9.3.0, X-CUBE-NFC4_V2.0.4, X-CUBE-NFC7_V1.0.0, X-CUBE-SFXS2LP1_V4.0.0, X-CUBE-SUBG2_V5.0.0]
2022-11-06 11:39:31,845 [INFO] DbBoardsSqlite:227 - include board P-NUCLEO-WB55-NUCLEO as a kit item of type 'Nucleo-64'
2022-11-06 11:39:31,845 [INFO] DbBoardsSqlite:227 - include board P-NUCLEO-WB55-USBDONGLE as a kit item of type 'Nucleo USB Dongle'
2022-11-06 11:39:31,845 [INFO] DbBoardsSqlite:227 - include board STEVAL-IDP005V1 as a kit item of type 'Evaluation Board'
2022-11-06 11:39:31,845 [INFO] DbBoardsSqlite:227 - include board STEVAL-IDP005V2 as a kit item of type 'Evaluation Board'
2022-11-06 11:39:31,860 [INFO] ApiDb:239 - Found 138 in-development CPN: [B-WB1M-WPAN1, NUCLEO-C031C6, STEVAL-STWINBX1, STM320518-EVAL, STM32C0116-DK, STM32C011D6Y3TR, STM32C011D6Y6TR, STM32C011F4P3, STM32C011F4P6, STM32C011F4U3, STM32C011F4U6TR, STM32C011F6P3, STM32C011F6P6, STM32C011F6U3, STM32C011F6U6TR, STM32C011J4M3, STM32C011J4M6, STM32C011J6M3, STM32C011J6M6, STM32C0316-DK, STM32C031C4T3, STM32C031C4T6, STM32C031C4U3, STM32C031C4U6, STM32C031C6T3, STM32C031C6T6, STM32C031C6U3, STM32C031C6U6, STM32C031F4P3, STM32C031F4P6, STM32C031F6P3, STM32C031F6P6, STM32C031G4U3, STM32C031G4U6, STM32C031G6U3, STM32C031G6U6, STM32C031K4T3, STM32C031K4T6, STM32C031K4U3, STM32C031K4U6, STM32C031K6T3, STM32C031K6T6, STM32C031K6U3, STM32C031K6U6, STM32G071K8TXN, STM32G071K8UXN, STM32G081GBU6N, STM32G081KBT6N, STM32G081KBUXN, STM32G0B1CCT6N, STM32G0B1KCT6, STM32G0B1NEY6TR, STM32G0B1RCT6N, STM32G0C1CCT6, STM32G0C1CCT6N, STM32G0C1CCU6N, STM32G0C1CET6N, STM32G0C1CEU6N, STM32G0C1KCT6, STM32G0C1NEY6TR, STM32G0C1RCI6N, STM32G0C1RCT6N, STM32G0C1REI6N, STM32G0C1RET6N, STM32G0C1VCI6, STM32G0C1VEI6, STM32G471CCT6, STM32G471CCU6, STM32G471CET3, STM32G471CET6, STM32G471CEU3, STM32G471CEU6, STM32G471MCT6, STM32G471MET3, STM32G471MET6, STM32G471MEY6TR, STM32G471QCT6, STM32G471QET3, STM32G471RCT6, STM32G471RET3, STM32G471RET6, STM32G471VCH6, STM32G471VCI6, STM32G471VCT6, STM32G471VEH3, STM32G471VEH6, STM32G471VEI3, STM32G471VEI6, STM32G471VET3, STM32G471VET6, STM32G474CCT6, STM32L476VGY6PTR, STM32L4R5QGI6STR, STM32MP131AAE3, STM32MP131AAF3, STM32MP131AAG3, STM32MP131CAE3, STM32MP131CAF3, STM32MP131CAG3, STM32MP131DAE7, STM32MP131DAF7, STM32MP131DAG7, STM32MP131FAE7, STM32MP131FAF7, STM32MP131FAG7, STM32MP133AAE3, STM32MP133AAF3, STM32MP133AAG3, STM32MP133CAE3, STM32MP133CAF3, STM32MP133CAG3, STM32MP133DAE7, STM32MP133DAF7, STM32MP133DAG7, STM32MP133FAE7, STM32MP133FAF7, STM32MP133FAG7, STM32MP135AAE3, STM32MP135AAF3, STM32MP135AAG3, STM32MP135CAE3, STM32MP135CAF3, STM32MP135CAG3, STM32MP135DAE7, STM32MP135DAF7, STM32MP135DAG7, STM32MP135F-DK, STM32MP135FAE7, STM32MP135FAF7, STM32MP135FAG7, STM32U595ZJT6Q, STM32U599BJY6QTR, STM32U599NIH6Q, STM32U599NJH6Q, STM32U5A5ZJT6Q, STM32U5A9BJY6QTR, STM32U5A9NJH6Q, STM32WB1MMCH6]
2022-11-06 11:39:32,002 [INFO] BoardInfo:879 - No configuration file found for board P-NUCLEO-WB55
2022-11-06 11:39:32,002 [INFO] DbBoards:156 - Kit is not supported: P-NUCLEO-WB55
2022-11-06 11:39:32,002 [INFO] BoardInfo:879 - No configuration file found for board STEVAL-BFA001V1B
2022-11-06 11:39:32,002 [INFO] DbBoards:156 - Kit is not supported: STEVAL-BFA001V1B
2022-11-06 11:39:32,002 [INFO] BoardInfo:879 - No configuration file found for board STEVAL-BFA001V2B
2022-11-06 11:39:32,002 [INFO] DbBoards:156 - Kit is not supported: STEVAL-BFA001V2B
2022-11-06 11:39:32,127 [INFO] DbBoards:160 - Found 176 boards, 173 are supported
2022-11-06 11:39:32,127 [INFO] ApiDb:409 - User favorites file not found: C:\Users\rafik/.stm32cubeide/favorites.boards.txt
2022-11-06 11:39:32,127 [INFO] DbBoards:189 - Set 0 / 0 favorites Boards
2022-11-06 11:39:32,127 [INFO] ApiDb:663 - CubeFinder database Data Model version=2.1
2022-11-06 11:39:32,127 [INFO] ApiDb:664 - CubeFinder database Configuration version=3.0.32
2022-11-06 11:39:32,127 [INFO] ApiDb:665 - CubeFinder database generation date=2022-08-05 (1659688109)
2022-11-06 11:39:32,127 [INFO] ApiDb:666 - CubeFinder database FW Pack versions=[STM32Cube_FW_C0_V1.0.0, STM32Cube_FW_F4_V1.27.1, STM32Cube_FW_F7_V1.17.0, STM32Cube_FW_G0_V1.6.1, STM32Cube_FW_G4_V1.5.0, STM32Cube_FW_H7_V1.10.0, STM32Cube_FW_L5_V1.4.0, STM32Cube_FW_U5_V1.1.1, STM32Cube_FW_WB_V1.14.1, STM32Cube_FW_WL_V1.2.0, X-CUBE-ALGOBUILD_V1.3.0, X-CUBE-ALS_V1.0.1, X-CUBE-AZRTOS-F4_V1.1.0, X-CUBE-AZRTOS-F7_V1.1.0, X-CUBE-AZRTOS-G0_V1.1.0, X-CUBE-AZRTOS-G4_V1.0.0, X-CUBE-AZRTOS-H7_V2.1.0, X-CUBE-AZRTOS-L4_V1.0.0, X-CUBE-AZRTOS-L5_V1.0.0, X-CUBE-AZRTOS-WL_V1.0.0, X-CUBE-BLE1_V6.2.3, X-CUBE-BLE2_V3.3.0, X-CUBE-EEPRMA1_V3.1.1, X-CUBE-GNSS1_V6.0.0, X-CUBE-MEMS1_V9.1.0, X-CUBE-MEMS1_V9.3.0, X-CUBE-NFC4_V2.0.4, X-CUBE-NFC7_V1.0.0, X-CUBE-SFXS2LP1_V4.0.0, X-CUBE-SUBG2_V5.0.0]
2022-11-06 11:39:32,802 [INFO] DbExamplesSqlite:374 - Ignored 31 examples not supported by CubeIDE
2022-11-06 11:39:32,802 [INFO] DbExamplesSqlite:375 - Found 6197 examples active
2022-11-06 11:39:32,802 [INFO] DbExamplesSqlite:376 - Found 89 examples obsolete
2022-11-06 11:39:32,802 [INFO] DbExamplesSqlite:377 - Found 0 examples under development
2022-11-06 11:39:32,802 [INFO] DbExamplesSqlite:378 - Found 76 examples not building
2022-11-06 11:39:32,802 [INFO] DbExamples:124 - Found 6242 examples
2022-11-06 11:39:32,817 [INFO] DbExamples:221 - Found 77 boards with related examples
2022-11-06 11:39:32,817 [INFO] DbExamples:234 - Found 64 MCUs with related examples
2022-11-06 11:39:32,833 [INFO] ApiDb:409 - User favorites file not found: C:\Users\rafik/.stm32cubeide/favorites.examples.txt
2022-11-06 11:39:32,833 [INFO] DbExamples:249 - Set 0 / 0 favorites Examples
2022-11-06 11:39:33,147 [INFO] McuFinderGlobals:57 - Set McuFinderConnectedMode to true
2022-11-06 11:39:33,163 [INFO] MultiScanPanel:195 - Auto-refresh data requested => check proxy status ongoing
2022-11-06 11:39:33,163 [INFO] FinderPluginLoader:92 - Searching for filters in installed packs
2022-11-06 11:39:34,654 [INFO] LoadUrlFilesThread:177 - End of LoadServerUrlFiles without Thread
2022-11-06 11:39:34,669 [INFO] DetailPanel:339 - Set advertising image to C:/Users/rafik/STM32Cube/Repository/\en.Prom_NBSTM32U50921.jpg
2022-11-06 11:46:48,893 [INFO] McuFinderGlobals:57 - Set McuFinderConnectedMode to true
2022-11-06 11:46:48,898 [INFO] ApiDb:443 - Save user favorites file C:\Users\rafik/.stm32cubeide/favorites.mcus.txt: 0 item(s)
2022-11-06 11:46:48,898 [INFO] ApiDb:447 - User favorites MCUs=[]
2022-11-06 19:29:15,152 [ERROR] LogOutputStream:74 - [STDERR_REDIRECT] 
2022-11-06 21:40:45,225 [INFO] Activator:177 - 


2022-11-06 21:40:45,225 [INFO] Activator:178 - !SESSION log4j initialized
2022-11-06 21:41:13,660 [ERROR] LogOutputStream:74 - [STDERR_REDIRECT] SLF4J: Failed to load class "org.slf4j.impl.StaticLoggerBinder".
2022-11-06 21:41:13,660 [ERROR] LogOutputStream:74 - [STDERR_REDIRECT] SLF4J: Defaulting to no-operation (NOP) logger implementation
2022-11-06 21:41:13,660 [ERROR] LogOutputStream:74 - [STDERR_REDIRECT] SLF4J: See http://www.slf4j.org/codes.html#StaticLoggerBinder for further details.
2022-11-07 10:13:06,198 [INFO] Activator:177 - 


2022-11-07 10:13:06,203 [INFO] Activator:178 - !SESSION log4j initialized
2022-11-07 10:13:39,531 [ERROR] LogOutputStream:74 - [STDERR_REDIRECT] SLF4J: Failed to load class "org.slf4j.impl.StaticLoggerBinder".
2022-11-07 10:13:39,531 [ERROR] LogOutputStream:74 - [STDERR_REDIRECT] SLF4J: Defaulting to no-operation (NOP) logger implementation
2022-11-07 10:13:39,531 [ERROR] LogOutputStream:74 - [STDERR_REDIRECT] SLF4J: See http://www.slf4j.org/codes.html#StaticLoggerBinder for further details.
