2022-10-16 03:27:53,784 [INFO] Activator:177 - 


2022-10-16 03:27:53,784 [INFO] Activator:178 - !SESSION log4j initialized
2022-10-16 03:29:12,722 [ERROR] LogOutputStream:74 - [STDERR_REDIRECT] SLF4J: Failed to load class "org.slf4j.impl.StaticLoggerBinder".
2022-10-16 03:29:12,726 [ERROR] LogOutputStream:74 - [STDERR_REDIRECT] SLF4J: Defaulting to no-operation (NOP) logger implementation
2022-10-16 03:29:12,726 [ERROR] LogOutputStream:74 - [STDERR_REDIRECT] SLF4J: See http://www.slf4j.org/codes.html#StaticLoggerBinder for further details.
2022-10-16 03:30:18,700 [INFO] McuFinderGlobals:44 - Set McuFinder mode to 2 (CubeIDE integrated)
2022-10-16 03:30:19,071 [INFO] ApplicationProperties:181 - Using Application install path: C:\ST\STM32CubeIDE_1.10.1\STM32CubeIDE\plugins\com.st.stm32cube.common.mx_6.6.1.202207061420
2022-10-16 03:30:19,086 [INFO] DbMcusXml:77 - Set database path to: C:\ST\STM32CubeIDE_1.10.1\STM32CubeIDE\plugins\com.st.stm32cube.common.mx_6.6.1.202207061420\\db\/mcu/
2022-10-16 03:30:19,086 [INFO] ApiDb:269 - Set plugin database path to: C:\ST\STM32CubeIDE_1.10.1\STM32CubeIDE\plugins\com.st.stm32cube.common.mx_6.6.1.202207061420\\db\/plugins/boardmanager/
2022-10-16 03:30:19,091 [WARN] ApiDb:254 - Overriding images path with different value:  => C:\ST\STM32CubeIDE_1.10.1\STM32CubeIDE\plugins\com.st.stm32cube.common.mx_6.6.1.202207061420\\db\/plugins/mcufinder/images/
2022-10-16 03:30:20,511 [ERROR] ApiFinderProperties:228 - Failed to read file additional_hw_images/X-NUCLEO-S2915A1.jpg: C:\Users\rafik\.stmcufinder\plugins\mcufinder\mcu\additional_hw_images\X-NUCLEO-S2915A1.jpg (The system cannot find the path specified)
2022-10-16 03:30:20,516 [ERROR] ApiFinderProperties:228 - Failed to read file additional_hw_images/X-NUCLEO-S2868A2.jpg: C:\Users\rafik\.stmcufinder\plugins\mcufinder\mcu\additional_hw_images\X-NUCLEO-S2868A2.jpg (The system cannot find the path specified)
2022-10-16 03:30:20,521 [ERROR] ApiFinderProperties:228 - Failed to read file additional_hw_images/X-NUCLEO-S2868A1.jpg: C:\Users\rafik\.stmcufinder\plugins\mcufinder\mcu\additional_hw_images\X-NUCLEO-S2868A1.jpg (The system cannot find the path specified)
2022-10-16 03:30:20,521 [ERROR] ApiFinderProperties:228 - Failed to read file additional_hw_images/X-NUCLEO-NFC07A1.jpg: C:\Users\rafik\.stmcufinder\plugins\mcufinder\mcu\additional_hw_images\X-NUCLEO-NFC07A1.jpg (The system cannot find the path specified)
2022-10-16 03:30:20,531 [ERROR] ApiFinderProperties:228 - Failed to read file additional_hw_images/X-NUCLEO-NFC04A1.jpg: C:\Users\rafik\.stmcufinder\plugins\mcufinder\mcu\additional_hw_images\X-NUCLEO-NFC04A1.jpg (The system cannot find the path specified)
2022-10-16 03:30:20,531 [ERROR] ApiFinderProperties:228 - Failed to read file additional_hw_images/X-NUCLEO-IKS02A1.jpg: C:\Users\rafik\.stmcufinder\plugins\mcufinder\mcu\additional_hw_images\X-NUCLEO-IKS02A1.jpg (The system cannot find the path specified)
2022-10-16 03:30:20,536 [ERROR] ApiFinderProperties:228 - Failed to read file additional_hw_images/X-NUCLEO-IKS01A3.jpg: C:\Users\rafik\.stmcufinder\plugins\mcufinder\mcu\additional_hw_images\X-NUCLEO-IKS01A3.jpg (The system cannot find the path specified)
2022-10-16 03:30:20,546 [ERROR] ApiFinderProperties:228 - Failed to read file additional_hw_images/X-NUCLEO-IKS01A2.jpg: C:\Users\rafik\.stmcufinder\plugins\mcufinder\mcu\additional_hw_images\X-NUCLEO-IKS01A2.jpg (The system cannot find the path specified)
2022-10-16 03:30:20,552 [ERROR] ApiFinderProperties:228 - Failed to read file additional_hw_images/X-NUCLEO-IDB05A2.jpg: C:\Users\rafik\.stmcufinder\plugins\mcufinder\mcu\additional_hw_images\X-NUCLEO-IDB05A2.jpg (The system cannot find the path specified)
2022-10-16 03:30:20,553 [ERROR] ApiFinderProperties:228 - Failed to read file additional_hw_images/X-NUCLEO-GNSS1A1.jpg: C:\Users\rafik\.stmcufinder\plugins\mcufinder\mcu\additional_hw_images\X-NUCLEO-GNSS1A1.jpg (The system cannot find the path specified)
2022-10-16 03:30:20,556 [ERROR] ApiFinderProperties:228 - Failed to read file additional_hw_images/X-NUCLEO-EEPRMA2.jpg: C:\Users\rafik\.stmcufinder\plugins\mcufinder\mcu\additional_hw_images\X-NUCLEO-EEPRMA2.jpg (The system cannot find the path specified)
2022-10-16 03:30:20,556 [ERROR] ApiFinderProperties:228 - Failed to read file additional_hw_images/X-NUCLEO-EEPRMA1.jpg: C:\Users\rafik\.stmcufinder\plugins\mcufinder\mcu\additional_hw_images\X-NUCLEO-EEPRMA1.jpg (The system cannot find the path specified)
2022-10-16 03:30:20,561 [ERROR] ApiFinderProperties:228 - Failed to read file additional_hw_images/X-NUCLEO-BNRG2A1.jpg: C:\Users\rafik\.stmcufinder\plugins\mcufinder\mcu\additional_hw_images\X-NUCLEO-BNRG2A1.jpg (The system cannot find the path specified)
2022-10-16 03:30:20,566 [ERROR] ApiFinderProperties:228 - Failed to read file additional_hw_images/X-NUCLEO-6283A1.jpg: C:\Users\rafik\.stmcufinder\plugins\mcufinder\mcu\additional_hw_images\X-NUCLEO-6283A1.jpg (The system cannot find the path specified)
2022-10-16 03:30:20,566 [ERROR] ApiFinderProperties:228 - Failed to read file additional_hw_images/VD6283TX.jpg: C:\Users\rafik\.stmcufinder\plugins\mcufinder\mcu\additional_hw_images\VD6283TX.jpg (The system cannot find the path specified)
2022-10-16 03:30:20,571 [ERROR] ApiFinderProperties:228 - Failed to read file additional_hw_images/Teseo-LIV3F.jpg: C:\Users\rafik\.stmcufinder\plugins\mcufinder\mcu\additional_hw_images\Teseo-LIV3F.jpg (The system cannot find the path specified)
2022-10-16 03:30:20,571 [ERROR] ApiFinderProperties:228 - Failed to read file additional_hw_images/STTS751.jpg: C:\Users\rafik\.stmcufinder\plugins\mcufinder\mcu\additional_hw_images\STTS751.jpg (The system cannot find the path specified)
2022-10-16 03:30:20,571 [ERROR] ApiFinderProperties:228 - Failed to read file additional_hw_images/STEVAL-MKI209V1K.jpg: C:\Users\rafik\.stmcufinder\plugins\mcufinder\mcu\additional_hw_images\STEVAL-MKI209V1K.jpg (The system cannot find the path specified)
2022-10-16 03:30:20,571 [ERROR] ApiFinderProperties:228 - Failed to read file additional_hw_images/ST25DV64KC.jpg: C:\Users\rafik\.stmcufinder\plugins\mcufinder\mcu\additional_hw_images\ST25DV64KC.jpg (The system cannot find the path specified)
2022-10-16 03:30:20,571 [ERROR] ApiFinderProperties:228 - Failed to read file additional_hw_images/ST25DV04K.jpg: C:\Users\rafik\.stmcufinder\plugins\mcufinder\mcu\additional_hw_images\ST25DV04K.jpg (The system cannot find the path specified)
2022-10-16 03:30:20,576 [ERROR] ApiFinderProperties:228 - Failed to read file additional_hw_images/S2-LP.jpg: C:\Users\rafik\.stmcufinder\plugins\mcufinder\mcu\additional_hw_images\S2-LP.jpg (The system cannot find the path specified)
2022-10-16 03:30:20,576 [ERROR] ApiFinderProperties:228 - Failed to read file additional_hw_images/M95M04-DR.jpg: C:\Users\rafik\.stmcufinder\plugins\mcufinder\mcu\additional_hw_images\M95M04-DR.jpg (The system cannot find the path specified)
2022-10-16 03:30:20,576 [ERROR] ApiFinderProperties:228 - Failed to read file additional_hw_images/M95M01-DF.jpg: C:\Users\rafik\.stmcufinder\plugins\mcufinder\mcu\additional_hw_images\M95M01-DF.jpg (The system cannot find the path specified)
2022-10-16 03:30:20,576 [ERROR] ApiFinderProperties:228 - Failed to read file additional_hw_images/M95256-DF.jpg: C:\Users\rafik\.stmcufinder\plugins\mcufinder\mcu\additional_hw_images\M95256-DF.jpg (The system cannot find the path specified)
2022-10-16 03:30:20,576 [ERROR] ApiFinderProperties:228 - Failed to read file additional_hw_images/M95040-R.jpg: C:\Users\rafik\.stmcufinder\plugins\mcufinder\mcu\additional_hw_images\M95040-R.jpg (The system cannot find the path specified)
2022-10-16 03:30:20,576 [ERROR] ApiFinderProperties:228 - Failed to read file additional_hw_images/M24M01-DF.jpg: C:\Users\rafik\.stmcufinder\plugins\mcufinder\mcu\additional_hw_images\M24M01-DF.jpg (The system cannot find the path specified)
2022-10-16 03:30:20,576 [ERROR] ApiFinderProperties:228 - Failed to read file additional_hw_images/M24C02-F.jpg: C:\Users\rafik\.stmcufinder\plugins\mcufinder\mcu\additional_hw_images\M24C02-F.jpg (The system cannot find the path specified)
2022-10-16 03:30:20,576 [ERROR] ApiFinderProperties:228 - Failed to read file additional_hw_images/M24256-DF.jpg: C:\Users\rafik\.stmcufinder\plugins\mcufinder\mcu\additional_hw_images\M24256-DF.jpg (The system cannot find the path specified)
2022-10-16 03:30:20,576 [ERROR] ApiFinderProperties:228 - Failed to read file additional_hw_images/LSM6DSO.jpg: C:\Users\rafik\.stmcufinder\plugins\mcufinder\mcu\additional_hw_images\LSM6DSO.jpg (The system cannot find the path specified)
2022-10-16 03:30:20,581 [ERROR] ApiFinderProperties:228 - Failed to read file additional_hw_images/LSM6DSL.jpg: C:\Users\rafik\.stmcufinder\plugins\mcufinder\mcu\additional_hw_images\LSM6DSL.jpg (The system cannot find the path specified)
2022-10-16 03:30:20,581 [ERROR] ApiFinderProperties:228 - Failed to read file additional_hw_images/LSM303AGR.jpg: C:\Users\rafik\.stmcufinder\plugins\mcufinder\mcu\additional_hw_images\LSM303AGR.jpg (The system cannot find the path specified)
2022-10-16 03:30:20,581 [ERROR] ApiFinderProperties:228 - Failed to read file additional_hw_images/LPS22HH.jpg: C:\Users\rafik\.stmcufinder\plugins\mcufinder\mcu\additional_hw_images\LPS22HH.jpg (The system cannot find the path specified)
2022-10-16 03:30:20,581 [ERROR] ApiFinderProperties:228 - Failed to read file additional_hw_images/LPS22HB.jpg: C:\Users\rafik\.stmcufinder\plugins\mcufinder\mcu\additional_hw_images\LPS22HB.jpg (The system cannot find the path specified)
2022-10-16 03:30:20,586 [ERROR] ApiFinderProperties:228 - Failed to read file additional_hw_images/LIS2MDL.jpg: C:\Users\rafik\.stmcufinder\plugins\mcufinder\mcu\additional_hw_images\LIS2MDL.jpg (The system cannot find the path specified)
2022-10-16 03:30:20,586 [ERROR] ApiFinderProperties:228 - Failed to read file additional_hw_images/LIS2DW12.jpg: C:\Users\rafik\.stmcufinder\plugins\mcufinder\mcu\additional_hw_images\LIS2DW12.jpg (The system cannot find the path specified)
2022-10-16 03:30:20,586 [ERROR] ApiFinderProperties:228 - Failed to read file additional_hw_images/ISM330DHCX.jpg: C:\Users\rafik\.stmcufinder\plugins\mcufinder\mcu\additional_hw_images\ISM330DHCX.jpg (The system cannot find the path specified)
2022-10-16 03:30:20,586 [ERROR] ApiFinderProperties:228 - Failed to read file additional_hw_images/IMP34DT05.jpg: C:\Users\rafik\.stmcufinder\plugins\mcufinder\mcu\additional_hw_images\IMP34DT05.jpg (The system cannot find the path specified)
2022-10-16 03:30:20,591 [ERROR] ApiFinderProperties:228 - Failed to read file additional_hw_images/IIS2MDC.jpg: C:\Users\rafik\.stmcufinder\plugins\mcufinder\mcu\additional_hw_images\IIS2MDC.jpg (The system cannot find the path specified)
2022-10-16 03:30:20,601 [ERROR] ApiFinderProperties:228 - Failed to read file additional_hw_images/IIS2ICLX.jpg: C:\Users\rafik\.stmcufinder\plugins\mcufinder\mcu\additional_hw_images\IIS2ICLX.jpg (The system cannot find the path specified)
2022-10-16 03:30:20,601 [ERROR] ApiFinderProperties:228 - Failed to read file additional_hw_images/IIS2DLPC.jpg: C:\Users\rafik\.stmcufinder\plugins\mcufinder\mcu\additional_hw_images\IIS2DLPC.jpg (The system cannot find the path specified)
2022-10-16 03:30:20,601 [ERROR] ApiFinderProperties:228 - Failed to read file additional_hw_images/HTS221.jpg: C:\Users\rafik\.stmcufinder\plugins\mcufinder\mcu\additional_hw_images\HTS221.jpg (The system cannot find the path specified)
2022-10-16 03:30:20,606 [ERROR] ApiFinderProperties:228 - Failed to read file additional_hw_images/BlueNRG-M2SP.jpg: C:\Users\rafik\.stmcufinder\plugins\mcufinder\mcu\additional_hw_images\BlueNRG-M2SP.jpg (The system cannot find the path specified)
2022-10-16 03:30:20,606 [ERROR] ApiFinderProperties:228 - Failed to read file additional_hw_images/BlueNRG-M0.jpg: C:\Users\rafik\.stmcufinder\plugins\mcufinder\mcu\additional_hw_images\BlueNRG-M0.jpg (The system cannot find the path specified)
2022-10-16 03:30:20,671 [WARN] ApiFinderProperties:110 - C:\Users\rafik\.stmcufinder\plugins\mcufinder\mcu\mcuFinder.mfd doesn't exist
2022-10-16 03:30:20,676 [INFO] ApiDb:249 - Set database path to: C:\Users\rafik\.stmcufinder\plugins\mcufinder//mcu/
2022-10-16 03:30:20,676 [INFO] DbMcusAds:124 - Set database path to: C:\Users\rafik\.stmcufinder\plugins\mcufinder//mcu/
2022-10-16 03:30:20,772 [INFO] CrossReferenceDbSqlite:201 - Set database path to: C:\Users\rafik\.stmcufinder\plugins\mcufinder//mcu/cs/
2022-10-16 03:30:20,917 [INFO] RulesReader:61 - Compatibility file has been processed (282 Rules)
2022-10-16 03:30:21,038 [INFO] DbMcusXml:77 - Set database path to: C:\ST\STM32CubeIDE_1.10.1\STM32CubeIDE\plugins\com.st.stm32cube.common.mx_6.6.1.202207061420\\db\/mcu/
2022-10-16 03:30:21,038 [INFO] ApiDb:269 - Set plugin database path to: C:\ST\STM32CubeIDE_1.10.1\STM32CubeIDE\plugins\com.st.stm32cube.common.mx_6.6.1.202207061420\\db\/plugins/boardmanager/
2022-10-16 03:30:21,038 [INFO] ApiDb:256 - Set plugin images path to: C:\ST\STM32CubeIDE_1.10.1\STM32CubeIDE\plugins\com.st.stm32cube.common.mx_6.6.1.202207061420\\db\/plugins/mcufinder/images/
2022-10-16 03:30:21,038 [WARN] DbFile:40 - Overriding database path with different value: C:\Users\rafik\.stmcufinder\plugins\mcufinder/ => C:\Users\rafik\.stmcufinder\plugins\mcufinder
2022-10-16 03:30:21,038 [INFO] ApiDb:249 - Set database path to: C:\Users\rafik\.stmcufinder\plugins\mcufinder//mcu/
2022-10-16 03:30:21,038 [WARN] DbFile:40 - Overriding database path with different value: C:\Users\rafik\.stmcufinder\plugins\mcufinder/ => C:\Users\rafik\.stmcufinder\plugins\mcufinder
2022-10-16 03:30:21,038 [INFO] DbMcusAds:124 - Set database path to: C:\Users\rafik\.stmcufinder\plugins\mcufinder//mcu/
2022-10-16 03:30:21,038 [WARN] DbFile:40 - Overriding database path with different value: C:\Users\rafik\.stmcufinder\plugins\mcufinder/ => C:\Users\rafik\.stmcufinder\plugins\mcufinder
2022-10-16 03:30:21,038 [WARN] DbFile:40 - Overriding database path with different value: C:\Users\rafik\.stmcufinder\plugins\mcufinder/ => C:\Users\rafik\.stmcufinder\plugins\mcufinder
2022-10-16 03:30:21,038 [INFO] CrossReferenceDbSqlite:201 - Set database path to: C:\Users\rafik\.stmcufinder\plugins\mcufinder//mcu/cs/
2022-10-16 03:30:21,133 [INFO] MainPanel:242 - HeapMemory: 357564416
2022-10-16 03:30:21,228 [INFO] DbMcusXml:77 - Set database path to: C:\ST\STM32CubeIDE_1.10.1\STM32CubeIDE\plugins\com.st.stm32cube.common.mx_6.6.1.202207061420\\db\/mcu/
2022-10-16 03:30:21,228 [INFO] ApiDb:269 - Set plugin database path to: C:\ST\STM32CubeIDE_1.10.1\STM32CubeIDE\plugins\com.st.stm32cube.common.mx_6.6.1.202207061420\\db\/plugins/boardmanager/
2022-10-16 03:30:21,228 [INFO] ApiDb:256 - Set plugin images path to: C:\ST\STM32CubeIDE_1.10.1\STM32CubeIDE\plugins\com.st.stm32cube.common.mx_6.6.1.202207061420\\db\/plugins/mcufinder/images/
2022-10-16 03:30:21,228 [WARN] DbFile:40 - Overriding database path with different value: C:\Users\rafik\.stmcufinder\plugins\mcufinder/ => C:\Users\rafik\.stmcufinder\plugins\mcufinder
2022-10-16 03:30:21,228 [INFO] ApiDb:249 - Set database path to: C:\Users\rafik\.stmcufinder\plugins\mcufinder//mcu/
2022-10-16 03:30:21,228 [WARN] DbFile:40 - Overriding database path with different value: C:\Users\rafik\.stmcufinder\plugins\mcufinder/ => C:\Users\rafik\.stmcufinder\plugins\mcufinder
2022-10-16 03:30:21,228 [INFO] DbMcusAds:124 - Set database path to: C:\Users\rafik\.stmcufinder\plugins\mcufinder//mcu/
2022-10-16 03:30:21,228 [WARN] DbFile:40 - Overriding database path with different value: C:\Users\rafik\.stmcufinder\plugins\mcufinder/ => C:\Users\rafik\.stmcufinder\plugins\mcufinder
2022-10-16 03:30:21,228 [WARN] DbFile:40 - Overriding database path with different value: C:\Users\rafik\.stmcufinder\plugins\mcufinder/ => C:\Users\rafik\.stmcufinder\plugins\mcufinder
2022-10-16 03:30:21,228 [INFO] CrossReferenceDbSqlite:201 - Set database path to: C:\Users\rafik\.stmcufinder\plugins\mcufinder//mcu/cs/
2022-10-16 03:30:21,248 [INFO] ApplicationProperties:181 - Using Application install path: C:\ST\STM32CubeIDE_1.10.1\STM32CubeIDE\plugins\com.st.stm32cube.common.mx_6.6.1.202207061420
2022-10-16 03:30:21,251 [INFO] PluginManage:193 - Search for loadable plugins [exclusion list=, ]
2022-10-16 03:30:21,253 [INFO] PluginManage:307 - Check plugin analytics
2022-10-16 03:30:21,457 [INFO] AnalyticsPlugin:262 - Accepted Software Licenses: 
2022-10-16 03:30:21,457 [INFO] AnalyticsPlugin:264 - Accepted CMSIS Pack Licenses: 
2022-10-16 03:30:21,457 [INFO] AnalyticsPlugin:266 - Accepted Firmware Licenses: 
2022-10-16 03:30:21,472 [INFO] PluginManage:356 - Loaded plugin analytics (category:tool,tabindex:-1)
2022-10-16 03:30:21,472 [INFO] PluginManage:307 - Check plugin cadmodel
2022-10-16 03:30:21,487 [INFO] CADModel:65 - Init CAD model plugin
2022-10-16 03:30:21,487 [INFO] PluginManage:356 - Loaded plugin cadmodel (category:power,tabindex:5)
2022-10-16 03:30:21,487 [INFO] PluginManage:307 - Check plugin clock
2022-10-16 03:30:21,507 [INFO] PluginManage:356 - Loaded plugin clock (category:base,tabindex:2)
2022-10-16 03:30:21,507 [INFO] PluginManage:307 - Check plugin ddr
2022-10-16 03:30:21,507 [INFO] PluginManage:356 - Loaded plugin ddr (category:tool,tabindex:6)
2022-10-16 03:30:21,512 [INFO] PluginManage:307 - Check plugin filemanager
2022-10-16 03:30:21,703 [INFO] PluginManage:356 - Loaded plugin filemanager (category:base,tabindex:10)
2022-10-16 03:30:21,703 [INFO] PluginManage:307 - Check plugin ipmanager
2022-10-16 03:30:21,718 [INFO] PluginManage:356 - Loaded plugin ipmanager (category:base,tabindex:5)
2022-10-16 03:30:21,718 [INFO] PluginManage:307 - Check plugin lpbam
2022-10-16 03:30:21,743 [INFO] PluginManage:356 - Loaded plugin lpbam (category:base,tabindex:0)
2022-10-16 03:30:21,743 [INFO] PluginManage:307 - Check plugin pinoutandconfiguration
2022-10-16 03:30:21,762 [INFO] PluginManage:356 - Loaded plugin pinoutandconfiguration (category:base,tabindex:1)
2022-10-16 03:30:21,762 [INFO] PluginManage:307 - Check plugin pinoutconfig
2022-10-16 03:30:21,812 [INFO] PluginManage:356 - Loaded plugin pinoutconfig (category:base,tabindex:0)
2022-10-16 03:30:21,812 [INFO] PluginManage:307 - Check plugin power
2022-10-16 03:30:21,832 [INFO] PluginManage:356 - Loaded plugin power (category:power,tabindex:4)
2022-10-16 03:30:21,832 [INFO] PluginManage:307 - Check plugin projectmanager
2022-10-16 03:30:21,867 [INFO] PluginManage:356 - Loaded plugin projectmanager (category:projectmanager,tabindex:3)
2022-10-16 03:30:21,867 [INFO] PluginManage:307 - Check plugin thirdparty
2022-10-16 03:30:22,182 [WARN] IntegrityCheckThread:82 - waiting for thirdparty lock release [integrity check]
2022-10-16 03:30:22,182 [INFO] PluginManage:356 - Loaded plugin thirdparty (category:base,tabindex:-1)
2022-10-16 03:30:22,182 [INFO] IntegrityCheckThread:84 - entering critical section [integrity check]
2022-10-16 03:30:22,187 [INFO] PluginManage:307 - Check plugin tools
2022-10-16 03:30:22,187 [INFO] ThirdPartyUpdaterWithRetryManager:70 - Updater plugin not ready yet. [1/15]
2022-10-16 03:30:22,207 [INFO] PluginManage:356 - Loaded plugin tools (category:base,tabindex:7)
2022-10-16 03:30:22,207 [INFO] PluginManage:307 - Check plugin tutovideos
2022-10-16 03:30:22,437 [INFO] PluginManage:356 - Loaded plugin tutovideos (category:base,tabindex:-1)
2022-10-16 03:30:22,437 [INFO] PluginManage:307 - Check plugin updater
2022-10-16 03:30:22,457 [INFO] PluginManage:356 - Loaded plugin updater (category:base,tabindex:12)
2022-10-16 03:30:22,462 [INFO] PluginManage:280 - PluginManage : Loaded plugins [15]
2022-10-16 03:30:22,787 [INFO] PinOutPanel:1468 - setPackage(No Configuration,No Configuration)
2022-10-16 03:30:22,892 [INFO] CADModel:98 - CPN selected for project level
2022-10-16 03:30:22,927 [INFO] IPUIPlugin:79 - create IPUIPlugin
2022-10-16 03:30:22,927 [INFO] PluginManager:217 - loadIPPluginJar : add adc
2022-10-16 03:30:22,957 [INFO] IPUIPlugin:79 - create IPUIPlugin
2022-10-16 03:30:22,957 [INFO] PluginManager:217 - loadIPPluginJar : add aes
2022-10-16 03:30:22,997 [INFO] IPUIPlugin:79 - create IPUIPlugin
2022-10-16 03:30:22,997 [INFO] PluginManager:217 - loadIPPluginJar : add can
2022-10-16 03:30:23,022 [INFO] IPUIPlugin:79 - create IPUIPlugin
2022-10-16 03:30:23,022 [INFO] PluginManager:217 - loadIPPluginJar : add comp
2022-10-16 03:30:23,058 [INFO] IPUIPlugin:79 - create IPUIPlugin
2022-10-16 03:30:23,059 [INFO] PluginManager:217 - loadIPPluginJar : add cryp
2022-10-16 03:30:23,079 [INFO] IPUIPlugin:79 - create IPUIPlugin
2022-10-16 03:30:23,079 [INFO] PluginManager:217 - loadIPPluginJar : add dfsdm
2022-10-16 03:30:23,094 [INFO] IPUIPlugin:79 - create IPUIPlugin
2022-10-16 03:30:23,094 [INFO] PluginManager:217 - loadIPPluginJar : add dma
2022-10-16 03:30:23,154 [INFO] IPUIPlugin:79 - create IPUIPlugin
2022-10-16 03:30:23,154 [INFO] PluginManager:217 - loadIPPluginJar : add dma3
2022-10-16 03:30:23,169 [INFO] IPUIPlugin:79 - create IPUIPlugin
2022-10-16 03:30:23,169 [INFO] PluginManager:217 - loadIPPluginJar : add fatfs
2022-10-16 03:30:23,214 [INFO] IPUIPlugin:79 - create IPUIPlugin
2022-10-16 03:30:23,214 [INFO] PluginManager:217 - loadIPPluginJar : add fmc
2022-10-16 03:30:23,224 [INFO] IPUIPlugin:79 - create IPUIPlugin
2022-10-16 03:30:23,224 [INFO] PluginManager:217 - loadIPPluginJar : add freertos
2022-10-16 03:30:23,239 [INFO] IPUIPlugin:79 - create IPUIPlugin
2022-10-16 03:30:23,239 [INFO] PluginManager:217 - loadIPPluginJar : add genericplugin
2022-10-16 03:30:23,319 [INFO] IPUIPlugin:79 - create IPUIPlugin
2022-10-16 03:30:23,319 [INFO] PluginManager:217 - loadIPPluginJar : add gfxmmu
2022-10-16 03:30:23,434 [INFO] IPUIPlugin:79 - create IPUIPlugin
2022-10-16 03:30:23,434 [INFO] PluginManager:217 - loadIPPluginJar : add gic
2022-10-16 03:30:23,444 [INFO] IPUIPlugin:79 - create IPUIPlugin
2022-10-16 03:30:23,444 [INFO] PluginManager:217 - loadIPPluginJar : add gpio
2022-10-16 03:30:23,509 [INFO] IPUIPlugin:79 - create IPUIPlugin
2022-10-16 03:30:23,509 [INFO] PluginManager:217 - loadIPPluginJar : add gtzc
2022-10-16 03:30:23,534 [INFO] IPUIPlugin:79 - create IPUIPlugin
2022-10-16 03:30:23,534 [INFO] PluginManager:217 - loadIPPluginJar : add hash
2022-10-16 03:30:23,574 [INFO] IPUIPlugin:79 - create IPUIPlugin
2022-10-16 03:30:23,574 [INFO] PluginManager:217 - loadIPPluginJar : add i2c
2022-10-16 03:30:23,604 [INFO] IPUIPlugin:79 - create IPUIPlugin
2022-10-16 03:30:23,604 [INFO] PluginManager:217 - loadIPPluginJar : add i2s
2022-10-16 03:30:23,699 [INFO] IPUIPlugin:79 - create IPUIPlugin
2022-10-16 03:30:23,699 [INFO] PluginManager:217 - loadIPPluginJar : add ipddr
2022-10-16 03:30:23,785 [INFO] IPUIPlugin:79 - create IPUIPlugin
2022-10-16 03:30:23,785 [INFO] PluginManager:217 - loadIPPluginJar : add linkedlist
2022-10-16 03:30:23,810 [INFO] IPUIPlugin:79 - create IPUIPlugin
2022-10-16 03:30:23,810 [INFO] PluginManager:217 - loadIPPluginJar : add lorawan
2022-10-16 03:30:23,835 [INFO] IPUIPlugin:79 - create IPUIPlugin
2022-10-16 03:30:23,835 [INFO] PluginManager:217 - loadIPPluginJar : add ltdc
2022-10-16 03:30:23,850 [INFO] IPUIPlugin:79 - create IPUIPlugin
2022-10-16 03:30:23,850 [INFO] PluginManager:217 - loadIPPluginJar : add mdma
2022-10-16 03:30:23,860 [INFO] IPUIPlugin:79 - create IPUIPlugin
2022-10-16 03:30:23,860 [INFO] PluginManager:217 - loadIPPluginJar : add nvic
2022-10-16 03:30:23,890 [INFO] IPUIPlugin:79 - create IPUIPlugin
2022-10-16 03:30:23,890 [INFO] PluginManager:217 - loadIPPluginJar : add opamp
2022-10-16 03:30:23,940 [INFO] IPUIPlugin:79 - create IPUIPlugin
2022-10-16 03:30:23,940 [INFO] PluginManager:217 - loadIPPluginJar : add openamp
2022-10-16 03:30:23,975 [INFO] IPUIPlugin:79 - create IPUIPlugin
2022-10-16 03:30:23,975 [INFO] PluginManager:217 - loadIPPluginJar : add pdm2pcm
2022-10-16 03:30:23,990 [INFO] IPUIPlugin:79 - create IPUIPlugin
2022-10-16 03:30:23,990 [INFO] PluginManager:217 - loadIPPluginJar : add plateformsettings
2022-10-16 03:30:24,010 [INFO] IPUIPlugin:79 - create IPUIPlugin
2022-10-16 03:30:24,010 [INFO] PluginManager:217 - loadIPPluginJar : add quadspi
2022-10-16 03:30:24,020 [INFO] IPUIPlugin:79 - create IPUIPlugin
2022-10-16 03:30:24,020 [INFO] PluginManager:217 - loadIPPluginJar : add resmgrutility
2022-10-16 03:30:24,060 [INFO] IPUIPlugin:79 - create IPUIPlugin
2022-10-16 03:30:24,060 [INFO] PluginManager:217 - loadIPPluginJar : add sai
2022-10-16 03:30:24,090 [INFO] IPUIPlugin:79 - create IPUIPlugin
2022-10-16 03:30:24,090 [INFO] PluginManager:217 - loadIPPluginJar : add spi
2022-10-16 03:30:24,135 [INFO] IPUIPlugin:79 - create IPUIPlugin
2022-10-16 03:30:24,135 [INFO] PluginManager:217 - loadIPPluginJar : add stm32_wpan
2022-10-16 03:30:24,155 [INFO] IPUIPlugin:79 - create IPUIPlugin
2022-10-16 03:30:24,155 [INFO] PluginManager:217 - loadIPPluginJar : add tim
2022-10-16 03:30:24,205 [INFO] IPUIPlugin:79 - create IPUIPlugin
2022-10-16 03:30:24,205 [INFO] PluginManager:217 - loadIPPluginJar : add touchsensing
2022-10-16 03:30:24,235 [INFO] IPUIPlugin:79 - create IPUIPlugin
2022-10-16 03:30:24,235 [INFO] PluginManager:217 - loadIPPluginJar : add tracer_emb
2022-10-16 03:30:24,255 [INFO] IPUIPlugin:79 - create IPUIPlugin
2022-10-16 03:30:24,255 [INFO] PluginManager:217 - loadIPPluginJar : add ts
2022-10-16 03:30:24,270 [INFO] IPUIPlugin:79 - create IPUIPlugin
2022-10-16 03:30:24,270 [INFO] PluginManager:217 - loadIPPluginJar : add tsc
2022-10-16 03:30:24,290 [INFO] IPUIPlugin:79 - create IPUIPlugin
2022-10-16 03:30:24,290 [INFO] PluginManager:217 - loadIPPluginJar : add ucpd
2022-10-16 03:30:24,325 [INFO] IPUIPlugin:79 - create IPUIPlugin
2022-10-16 03:30:24,325 [INFO] PluginManager:217 - loadIPPluginJar : add usart
2022-10-16 03:30:24,362 [INFO] IPUIPlugin:79 - create IPUIPlugin
2022-10-16 03:30:24,362 [INFO] PluginManager:217 - loadIPPluginJar : add usbx
2022-10-16 03:30:24,697 [FATAL] Updater:301 - Updater called before beeing initialized
2022-10-16 03:30:24,872 [FATAL] Updater:301 - Updater called before beeing initialized
2022-10-16 03:30:24,882 [INFO] DbMcusAds:52 - JSON generation date=Thu Sep 30 08:55:09 EET 2021 (1632984909247)
2022-10-16 03:30:24,882 [FATAL] Updater:301 - Updater called before beeing initialized
2022-10-16 03:30:24,967 [WARN] DetailPanel:344 - Failed to get advertising image, set to default
2022-10-16 03:30:25,117 [FATAL] Updater:301 - Updater called before beeing initialized
2022-10-16 03:30:25,122 [FATAL] Updater:301 - Updater called before beeing initialized
2022-10-16 03:30:25,122 [FATAL] Updater:301 - Updater called before beeing initialized
2022-10-16 03:30:25,122 [WARN] DetailPanel:344 - Failed to get advertising image, set to default
2022-10-16 03:30:25,122 [FATAL] Updater:301 - Updater called before beeing initialized
2022-10-16 03:30:25,192 [INFO] ThirdPartyUpdaterWithRetryManager:70 - Updater plugin not ready yet. [2/15]
2022-10-16 03:30:25,212 [ERROR] Updater:1105 - MainUpdater not yet initialized. External WinMGr cannot be set.
2022-10-16 03:30:25,222 [INFO] Updater:1041 - Updater Version found : 6.6.1
2022-10-16 03:30:25,242 [INFO] ApplicationProperties:181 - Using Application install path: C:\ST\STM32CubeIDE_1.10.1\STM32CubeIDE\plugins\com.st.stm32cube.common.mx_6.6.1.202207061420
2022-10-16 03:30:25,282 [INFO] MainUpdater:516 - Copy updater definitions from MX database
2022-10-16 03:30:25,317 [INFO] MainUpdater:549 - Copy flag file definitions from MX database
2022-10-16 03:30:25,327 [INFO] MainUpdater:565 - Copy thirdparty index definitions from MX database
2022-10-16 03:30:25,342 [INFO] MainUpdater:584 - Copy default thirdparty db definitions from MX database
2022-10-16 03:30:25,687 [INFO] MainUpdater:2768 - connection check result : 10
2022-10-16 03:30:25,687 [INFO] MainUpdater:3453 - Updater definition file requires update
2022-10-16 03:30:25,692 [INFO] MainUpdater:280 - Updater Check For Update Now.
2022-10-16 03:30:25,692 [INFO] MicroXplorer:481 - Change Database Version : DB.6.0.60
2022-10-16 03:30:25,812 [INFO] ServerAccessManage:474 - Download File updaters.zip
2022-10-16 03:30:26,007 [INFO] FileExtend:239 - Unzip File : updaters.zip
2022-10-16 03:30:26,007 [INFO] FileExtend:254 - Standard Zip Deflate
2022-10-16 03:30:26,646 [INFO] ServerAccessManage:474 - Download File PacksControlFlags.xml
2022-10-16 03:30:26,816 [INFO] ServerAccessManage:474 - Download File cubemx.pidx
2022-10-16 03:30:27,049 [INFO] ServerAccessManage:474 - Download File STMicroelectronics.FP-ATR-ASTRA1.pdsc
2022-10-16 03:30:27,354 [INFO] ServerAccessManage:474 - Download File STMicroelectronics.FP-ATR-SIGFOX1.pdsc
2022-10-16 03:30:27,544 [INFO] ServerAccessManage:474 - Download File STMicroelectronics.X-CUBE-AI.pdsc
2022-10-16 03:30:28,200 [WARN] MainUpdater:1184 - Updater busy. Cannot search thirdparties
2022-10-16 03:30:28,200 [INFO] ThirdPartyUpdaterWithRetryManager:96 - Updater plugin is busy. [1/15]
2022-10-16 03:30:28,678 [INFO] ServerAccessManage:474 - Download File STMicroelectronics.X-CUBE-ALS.pdsc
2022-10-16 03:30:29,048 [INFO] ServerAccessManage:474 - Download File STMicroelectronics.X-CUBE-BLE1.pdsc
2022-10-16 03:30:30,373 [ERROR] ServerAccessManage:1090 - Problem, file not found on Server
2022-10-16 03:30:30,477 [INFO] ServerAccessManage:474 - Download File STMicroelectronics.X-CUBE-BLE2.pdsc
2022-10-16 03:30:31,214 [WARN] MainUpdater:1184 - Updater busy. Cannot search thirdparties
2022-10-16 03:30:31,214 [INFO] ThirdPartyUpdaterWithRetryManager:96 - Updater plugin is busy. [2/15]
2022-10-16 03:30:31,387 [INFO] ServerAccessManage:474 - Download File STMicroelectronics.X-CUBE-BLEMGR.pdsc
2022-10-16 03:30:31,755 [INFO] ServerAccessManage:474 - Download File STMicroelectronics.X-CUBE-DISPLAY.pdsc
2022-10-16 03:30:32,347 [INFO] ServerAccessManage:474 - Download File STMicroelectronics.X-CUBE-EEPRMA1.pdsc
2022-10-16 03:30:32,839 [INFO] ServerAccessManage:474 - Download File STMicroelectronics.X-CUBE-GNSS1.pdsc
2022-10-16 03:30:33,835 [ERROR] ServerAccessManage:1090 - Problem, file not found on Server
2022-10-16 03:30:33,963 [ERROR] ServerAccessManage:1090 - Problem, file not found on Server
2022-10-16 03:30:34,093 [ERROR] ServerAccessManage:1090 - Problem, file not found on Server
2022-10-16 03:30:34,209 [ERROR] ServerAccessManage:1090 - Problem, file not found on Server
2022-10-16 03:30:34,227 [WARN] MainUpdater:1184 - Updater busy. Cannot search thirdparties
2022-10-16 03:30:34,227 [INFO] ThirdPartyUpdaterWithRetryManager:96 - Updater plugin is busy. [3/15]
2022-10-16 03:30:34,338 [ERROR] ServerAccessManage:1090 - Problem, file not found on Server
2022-10-16 03:30:34,452 [ERROR] ServerAccessManage:1090 - Problem, file not found on Server
2022-10-16 03:30:34,619 [INFO] ServerAccessManage:474 - Download File STMicroelectronics.X-CUBE-ISPU.pdsc
2022-10-16 03:30:34,876 [INFO] ServerAccessManage:474 - Download File STMicroelectronics.X-CUBE-MEMS1.pdsc
2022-10-16 03:30:37,152 [INFO] ServerAccessManage:474 - Download File STMicroelectronics.X-CUBE-NFC4.pdsc
2022-10-16 03:30:37,232 [WARN] MainUpdater:1184 - Updater busy. Cannot search thirdparties
2022-10-16 03:30:37,232 [INFO] ThirdPartyUpdaterWithRetryManager:96 - Updater plugin is busy. [4/15]
2022-10-16 03:30:38,512 [INFO] ServerAccessManage:474 - Download File STMicroelectronics.X-CUBE-NFC7.pdsc
2022-10-16 03:30:38,718 [INFO] ServerAccessManage:474 - Download File STMicroelectronics.X-CUBE-SFXS2LP1.pdsc
2022-10-16 03:30:39,363 [INFO] ServerAccessManage:474 - Download File STMicroelectronics.X-CUBE-SUBG2.pdsc
2022-10-16 03:30:40,243 [WARN] MainUpdater:1184 - Updater busy. Cannot search thirdparties
2022-10-16 03:30:40,243 [INFO] ThirdPartyUpdaterWithRetryManager:96 - Updater plugin is busy. [5/15]
2022-10-16 03:30:40,377 [INFO] ServerAccessManage:474 - Download File STMicroelectronics.X-CUBE-TOF1.pdsc
2022-10-16 03:30:40,956 [ERROR] ServerAccessManage:1090 - Problem, file not found on Server
2022-10-16 03:30:41,199 [INFO] ServerAccessManage:474 - Download File STMicroelectronics.X-CUBE-TOUCHGFX.pdsc
2022-10-16 03:30:42,567 [INFO] ServerAccessManage:474 - Download File STMicroelectronics.X-CUBE-ALGOBUILD.pdsc
2022-10-16 03:30:43,251 [WARN] MainUpdater:1184 - Updater busy. Cannot search thirdparties
2022-10-16 03:30:43,251 [INFO] ThirdPartyUpdaterWithRetryManager:96 - Updater plugin is busy. [6/15]
2022-10-16 03:30:43,392 [INFO] ServerAccessManage:474 - Download File STMicroelectronics.X-CUBE-AZRTOS-H7.pdsc
2022-10-16 03:30:44,101 [INFO] ServerAccessManage:474 - Download File STMicroelectronics.X-CUBE-AZRTOS-F4.pdsc
2022-10-16 03:30:44,665 [INFO] ServerAccessManage:474 - Download File STMicroelectronics.X-CUBE-AZRTOS-F7.pdsc
2022-10-16 03:30:45,242 [INFO] ServerAccessManage:474 - Download File STMicroelectronics.X-CUBE-AZRTOS-L4.pdsc
2022-10-16 03:30:45,582 [INFO] ServerAccessManage:474 - Download File STMicroelectronics.X-CUBE-AZRTOS-L5.pdsc
2022-10-16 03:30:46,012 [INFO] ServerAccessManage:474 - Download File STMicroelectronics.X-CUBE-AZRTOS-G0.pdsc
2022-10-16 03:30:46,258 [WARN] MainUpdater:1184 - Updater busy. Cannot search thirdparties
2022-10-16 03:30:46,258 [INFO] ThirdPartyUpdaterWithRetryManager:96 - Updater plugin is busy. [7/15]
2022-10-16 03:30:46,515 [INFO] MainUpdater:2768 - connection check result : 10
2022-10-16 03:30:46,614 [INFO] ServerAccessManage:474 - Download File STMicroelectronics.X-CUBE-AZRTOS-G4.pdsc
2022-10-16 03:30:47,024 [INFO] ServerAccessManage:474 - Download File STMicroelectronics.X-CUBE-AZRTOS-WL.pdsc
2022-10-16 03:30:48,300 [INFO] ServerAccessManage:474 - Download File wolfSSL.I-CUBE-wolfSSL.pdsc
2022-10-16 03:30:49,267 [WARN] MainUpdater:1184 - Updater busy. Cannot search thirdparties
2022-10-16 03:30:49,267 [INFO] ThirdPartyUpdaterWithRetryManager:96 - Updater plugin is busy. [8/15]
2022-10-16 03:30:52,271 [WARN] MainUpdater:1184 - Updater busy. Cannot search thirdparties
2022-10-16 03:30:52,271 [INFO] ThirdPartyUpdaterWithRetryManager:96 - Updater plugin is busy. [9/15]
2022-10-16 03:30:52,436 [ERROR] ServerAccessManage:1090 - Problem, file not found on Server
2022-10-16 03:30:53,025 [ERROR] ServerAccessManage:1090 - Problem, file not found on Server
2022-10-16 03:30:53,614 [ERROR] ServerAccessManage:1090 - Problem, file not found on Server
2022-10-16 03:30:54,536 [INFO] ServerAccessManage:474 - Download File RoweBots.I-CUBE-UNISONRTOS.pdsc
2022-10-16 03:30:55,280 [WARN] MainUpdater:1184 - Updater busy. Cannot search thirdparties
2022-10-16 03:30:55,280 [INFO] ThirdPartyUpdaterWithRetryManager:96 - Updater plugin is busy. [10/15]
2022-10-16 03:30:55,530 [ERROR] ServerAccessManage:1090 - Problem, file not found on Server
2022-10-16 03:30:56,067 [ERROR] ServerAccessManage:1090 - Problem, file not found on Server
2022-10-16 03:30:56,586 [ERROR] ServerAccessManage:1090 - Problem, file not found on Server
2022-10-16 03:30:57,124 [ERROR] ServerAccessManage:1090 - Problem, file not found on Server
2022-10-16 03:30:57,704 [INFO] ServerAccessManage:474 - Download File SEGGER.I-CUBE-embOS.pdsc
2022-10-16 03:30:58,294 [WARN] MainUpdater:1184 - Updater busy. Cannot search thirdparties
2022-10-16 03:30:58,294 [INFO] ThirdPartyUpdaterWithRetryManager:96 - Updater plugin is busy. [11/15]
2022-10-16 03:30:58,689 [INFO] ServerAccessManage:474 - Download File portGmbH.I-Cube-SoM-uGOAL.pdsc
2022-10-16 03:30:59,585 [ERROR] ServerAccessManage:1090 - Problem, file not found on Server
2022-10-16 03:30:59,675 [ERROR] ServerAccessManage:1090 - Problem, file not found on Server
2022-10-16 03:30:59,767 [ERROR] ServerAccessManage:1090 - Problem, file not found on Server
2022-10-16 03:31:00,329 [INFO] ServerAccessManage:474 - Download File emotas.I-CUBE-CANOPEN.pdsc
2022-10-16 03:31:00,617 [WARN] CheckServerUpdateThread:148 - Open CheckUpdateFile Fail
2022-10-16 03:31:00,634 [WARN] PackLoader:242 - Cannot read IP mode file for STMicroelectronics.FP-ATR-ASTRA1.1.1.1
2022-10-16 03:31:00,645 [WARN] PackLoader:242 - Cannot read IP mode file for STMicroelectronics.FP-ATR-SIGFOX1.3.2.0
2022-10-16 03:31:00,650 [WARN] PackLoader:242 - Cannot read IP mode file for STMicroelectronics.X-CUBE-AI.7.2.0
2022-10-16 03:31:00,655 [WARN] PackLoader:242 - Cannot read IP mode file for STMicroelectronics.X-CUBE-ALS.1.0.1
2022-10-16 03:31:00,670 [WARN] PackLoader:242 - Cannot read IP mode file for STMicroelectronics.X-CUBE-BLE1.6.2.3
2022-10-16 03:31:00,675 [WARN] PackLoader:242 - Cannot read IP mode file for STMicroelectronics.X-CUBE-BLE2.3.3.0
2022-10-16 03:31:00,685 [WARN] PackLoader:242 - Cannot read IP mode file for STMicroelectronics.X-CUBE-BLEMGR.1.2.0
2022-10-16 03:31:00,705 [WARN] PackLoader:242 - Cannot read IP mode file for STMicroelectronics.X-CUBE-DISPLAY.2.2.0
2022-10-16 03:31:00,715 [WARN] PackLoader:242 - Cannot read IP mode file for STMicroelectronics.X-CUBE-EEPRMA1.3.1.1
2022-10-16 03:31:00,725 [WARN] PackLoader:242 - Cannot read IP mode file for STMicroelectronics.X-CUBE-GNSS1.6.0.0
2022-10-16 03:31:00,730 [WARN] PackLoader:242 - Cannot read IP mode file for STMicroelectronics.X-CUBE-ISPU.1.0.0
2022-10-16 03:31:00,740 [INFO] CheckServerUpdateThread:119 - End of CheckServer Thread
2022-10-16 03:31:00,800 [WARN] PackLoader:242 - Cannot read IP mode file for STMicroelectronics.X-CUBE-MEMS1.9.3.0
2022-10-16 03:31:00,920 [INFO] McuFinderGlobals:57 - Set McuFinderConnectedMode to true
2022-10-16 03:31:00,965 [WARN] PackLoader:242 - Cannot read IP mode file for STMicroelectronics.X-CUBE-NFC4.2.0.4
2022-10-16 03:31:00,975 [WARN] PackLoader:242 - Cannot read IP mode file for STMicroelectronics.X-CUBE-NFC7.1.0.0
2022-10-16 03:31:00,985 [WARN] PackLoader:242 - Cannot read IP mode file for STMicroelectronics.X-CUBE-SFXS2LP1.4.0.0
2022-10-16 03:31:01,000 [WARN] PackLoader:242 - Cannot read IP mode file for STMicroelectronics.X-CUBE-SUBG2.5.0.0
2022-10-16 03:31:01,050 [WARN] PackLoader:242 - Cannot read IP mode file for STMicroelectronics.X-CUBE-TOF1.3.1.0
2022-10-16 03:31:01,060 [WARN] PackLoader:242 - Cannot read IP mode file for STMicroelectronics.X-CUBE-TOUCHGFX.4.20.0
2022-10-16 03:31:01,070 [WARN] PackLoader:242 - Cannot read IP mode file for STMicroelectronics.X-CUBE-ALGOBUILD.1.3.0
2022-10-16 03:31:01,095 [WARN] PackLoader:242 - Cannot read IP mode file for STMicroelectronics.X-CUBE-AZRTOS-H7.2.1.0
2022-10-16 03:31:01,130 [WARN] PackLoader:242 - Cannot read IP mode file for STMicroelectronics.X-CUBE-AZRTOS-F4.1.1.0
2022-10-16 03:31:01,155 [WARN] PackLoader:242 - Cannot read IP mode file for STMicroelectronics.X-CUBE-AZRTOS-F7.1.1.0
2022-10-16 03:31:01,180 [WARN] PackLoader:242 - Cannot read IP mode file for STMicroelectronics.X-CUBE-AZRTOS-L4.1.0.0
2022-10-16 03:31:01,205 [WARN] PackLoader:242 - Cannot read IP mode file for STMicroelectronics.X-CUBE-AZRTOS-L5.1.0.0
2022-10-16 03:31:01,225 [WARN] PackLoader:242 - Cannot read IP mode file for STMicroelectronics.X-CUBE-AZRTOS-G0.1.1.0
2022-10-16 03:31:01,240 [WARN] PackLoader:242 - Cannot read IP mode file for STMicroelectronics.X-CUBE-AZRTOS-G4.1.0.0
2022-10-16 03:31:01,265 [WARN] PackLoader:242 - Cannot read IP mode file for STMicroelectronics.X-CUBE-AZRTOS-WL.1.0.0
2022-10-16 03:31:01,270 [WARN] PackLoader:242 - Cannot read IP mode file for wolfSSL.I-CUBE-wolfSSL.5.5.1
2022-10-16 03:31:01,275 [WARN] PackLoader:242 - Cannot read IP mode file for RoweBots.I-CUBE-UNISONRTOS.5.5.0-4
2022-10-16 03:31:01,295 [WARN] MainUpdater:1184 - Updater busy. Cannot search thirdparties
2022-10-16 03:31:01,295 [INFO] ThirdPartyUpdaterWithRetryManager:96 - Updater plugin is busy. [12/15]
2022-10-16 03:31:01,315 [WARN] PackLoader:242 - Cannot read IP mode file for SEGGER.I-CUBE-embOS.1.2.1
2022-10-16 03:31:01,355 [WARN] PackLoader:242 - Cannot read IP mode file for portGmbH.I-Cube-SoM-uGOAL.1.1.0
2022-10-16 03:31:01,360 [WARN] PackLoader:242 - Cannot read IP mode file for emotas.I-CUBE-CANOPEN.1.1.2
2022-10-16 03:31:01,360 [INFO] PopulateThirdPartyThread:64 - Ending populate Thread
2022-10-16 03:31:01,365 [INFO] ThirdParty:981 - CMSIS Pack Vendor :RoweBots I-CUBE-UNISONRTOS 5.5.0-4
2022-10-16 03:31:01,365 [INFO] ThirdParty:981 - CMSIS Pack Vendor :STMicroelectronics X-CUBE-GNSS1 6.0.0
2022-10-16 03:31:01,365 [INFO] ThirdParty:981 - CMSIS Pack Vendor :STMicroelectronics X-CUBE-AZRTOS-H7 2.1.0
2022-10-16 03:31:01,365 [INFO] ThirdParty:981 - CMSIS Pack Vendor :STMicroelectronics X-CUBE-AZRTOS-F4 1.1.0
2022-10-16 03:31:01,365 [INFO] ThirdParty:981 - CMSIS Pack Vendor :STMicroelectronics FP-ATR-SIGFOX1 3.2.0
2022-10-16 03:31:01,365 [INFO] ThirdParty:981 - CMSIS Pack Vendor :STMicroelectronics X-CUBE-AZRTOS-G4 1.0.0
2022-10-16 03:31:01,365 [INFO] ThirdParty:981 - CMSIS Pack Vendor :STMicroelectronics X-CUBE-AZRTOS-L4 1.0.0
2022-10-16 03:31:01,365 [INFO] ThirdParty:981 - CMSIS Pack Vendor :wolfSSL I-CUBE-wolfSSL 5.5.1
2022-10-16 03:31:01,365 [INFO] ThirdParty:981 - CMSIS Pack Vendor :emotas I-CUBE-CANOPEN 1.1.2
2022-10-16 03:31:01,365 [INFO] ThirdParty:981 - CMSIS Pack Vendor :STMicroelectronics X-CUBE-TOUCHGFX 4.20.0
2022-10-16 03:31:01,365 [INFO] ThirdParty:981 - CMSIS Pack Vendor :STMicroelectronics X-CUBE-NFC7 1.0.0
2022-10-16 03:31:01,365 [INFO] ThirdParty:981 - CMSIS Pack Vendor :STMicroelectronics X-CUBE-BLEMGR 1.2.0
2022-10-16 03:31:01,365 [INFO] ThirdParty:981 - CMSIS Pack Vendor :STMicroelectronics X-CUBE-AZRTOS-WL 1.0.0
2022-10-16 03:31:01,365 [INFO] ThirdParty:981 - CMSIS Pack Vendor :STMicroelectronics X-CUBE-AZRTOS-F7 1.1.0
2022-10-16 03:31:01,365 [INFO] ThirdParty:981 - CMSIS Pack Vendor :STMicroelectronics X-CUBE-ALS 1.0.1
2022-10-16 03:31:01,365 [INFO] ThirdParty:981 - CMSIS Pack Vendor :STMicroelectronics X-CUBE-MEMS1 9.3.0
2022-10-16 03:31:01,365 [INFO] ThirdParty:981 - CMSIS Pack Vendor :portGmbH I-Cube-SoM-uGOAL 1.1.0
2022-10-16 03:31:01,365 [INFO] ThirdParty:981 - CMSIS Pack Vendor :STMicroelectronics X-CUBE-AI 7.2.0
2022-10-16 03:31:01,365 [INFO] ThirdParty:981 - CMSIS Pack Vendor :STMicroelectronics X-CUBE-BLE1 6.2.3
2022-10-16 03:31:01,365 [INFO] ThirdParty:981 - CMSIS Pack Vendor :STMicroelectronics X-CUBE-ALGOBUILD 1.3.0
2022-10-16 03:31:01,365 [INFO] ThirdParty:981 - CMSIS Pack Vendor :STMicroelectronics X-CUBE-AZRTOS-L5 1.0.0
2022-10-16 03:31:01,365 [INFO] ThirdParty:981 - CMSIS Pack Vendor :STMicroelectronics X-CUBE-AZRTOS-G0 1.1.0
2022-10-16 03:31:01,365 [INFO] ThirdParty:981 - CMSIS Pack Vendor :STMicroelectronics X-CUBE-SUBG2 5.0.0
2022-10-16 03:31:01,365 [INFO] ThirdParty:981 - CMSIS Pack Vendor :STMicroelectronics X-CUBE-EEPRMA1 3.1.1
2022-10-16 03:31:01,365 [INFO] ThirdParty:981 - CMSIS Pack Vendor :SEGGER I-CUBE-embOS 1.2.1
2022-10-16 03:31:01,365 [INFO] ThirdParty:981 - CMSIS Pack Vendor :STMicroelectronics X-CUBE-SFXS2LP1 4.0.0
2022-10-16 03:31:01,365 [INFO] ThirdParty:981 - CMSIS Pack Vendor :STMicroelectronics X-CUBE-BLE2 3.3.0
2022-10-16 03:31:01,365 [INFO] ThirdParty:981 - CMSIS Pack Vendor :STMicroelectronics X-CUBE-NFC4 2.0.4
2022-10-16 03:31:01,365 [INFO] ThirdParty:981 - CMSIS Pack Vendor :STMicroelectronics X-CUBE-DISPLAY 2.2.0
2022-10-16 03:31:01,365 [INFO] ThirdParty:981 - CMSIS Pack Vendor :STMicroelectronics FP-ATR-ASTRA1 1.1.1
2022-10-16 03:31:01,365 [INFO] ThirdParty:981 - CMSIS Pack Vendor :STMicroelectronics X-CUBE-ISPU 1.0.0
2022-10-16 03:31:01,365 [INFO] ThirdParty:981 - CMSIS Pack Vendor :STMicroelectronics X-CUBE-TOF1 3.1.0
2022-10-16 03:31:01,365 [INFO] LoadServerUpdatesThread:367 - End of LoadServerUpdate Thread
2022-10-16 03:31:03,400 [INFO] ServerAccessManage:474 - Download File mcusAds.json._tmp_
2022-10-16 03:31:03,514 [INFO] LoadUrlFilesThread:150 - End of LoadUrlFiles Thread
2022-10-16 03:31:03,967 [INFO] ServerAccessManage:474 - Download File cube-finder-db.zip
2022-10-16 03:31:04,309 [WARN] MainUpdater:1184 - Updater busy. Cannot search thirdparties
2022-10-16 03:31:04,309 [INFO] ThirdPartyUpdaterWithRetryManager:96 - Updater plugin is busy. [13/15]
2022-10-16 03:31:07,314 [WARN] MainUpdater:1184 - Updater busy. Cannot search thirdparties
2022-10-16 03:31:07,314 [INFO] ThirdPartyUpdaterWithRetryManager:96 - Updater plugin is busy. [14/15]
2022-10-16 03:31:10,315 [WARN] MainUpdater:1184 - Updater busy. Cannot search thirdparties
2022-10-16 03:31:10,315 [INFO] ThirdPartyUpdaterWithRetryManager:96 - Updater plugin is busy. [15/15]
2022-10-16 03:31:10,315 [ERROR] IntegrityCheckThread:128 - Cannot retrieve database content from updater: error -1
2022-10-16 03:31:10,315 [INFO] ThirdParty:929 - Integrity check success = false
2022-10-16 03:31:10,315 [INFO] IntegrityCheckThread:98 - exiting critical section [integrity check]
2022-10-16 03:31:10,315 [INFO] IntegrityCheckThread:101 - End integrity checks thread
2022-10-16 03:31:19,237 [INFO] FileExtend:239 - Unzip File : cube-finder-db.zip
2022-10-16 03:31:19,237 [INFO] FileExtend:254 - Standard Zip Deflate
2022-10-16 03:31:19,928 [INFO] LoadUrlFilesThread:150 - End of LoadUrlFiles Thread
2022-10-16 03:31:20,601 [INFO] ServerAccessManage:474 - Download File crdb.zip
2022-10-16 03:31:21,111 [INFO] FileExtend:239 - Unzip File : crdb.zip
2022-10-16 03:31:21,111 [INFO] FileExtend:254 - Standard Zip Deflate
2022-10-16 03:31:21,267 [INFO] LoadUrlFilesThread:150 - End of LoadUrlFiles Thread
2022-10-16 03:31:21,447 [INFO] ServerAccessManage:474 - Download File tutoVideoDB.zip
2022-10-16 03:31:21,522 [INFO] FileExtend:239 - Unzip File : tutoVideoDB.zip
2022-10-16 03:31:21,522 [INFO] FileExtend:254 - Standard Zip Deflate
2022-10-16 03:31:21,642 [INFO] LoadUrlFilesThread:150 - End of LoadUrlFiles Thread
2022-10-16 03:31:21,652 [INFO] JxBrowserEngine:106 - Initiate JxBrowser Engine with user profile folder
2022-10-16 03:31:21,807 [ERROR] JxBrowserEngine:59 - Can't initiate JxBrowser engine com.teamdev.jxbrowser.engine.ChromiumBinariesExtractionException: Failed to extract Chromium binaries into C:\Users\rafik\.stm32cubemx\.jxbrowser\Chromium
2022-10-16 03:31:21,807 [WARN] DbFile:40 - Overriding database path with different value: C:\Users\rafik\.stmcufinder\plugins\mcufinder/ => C:\Users\rafik\.stmcufinder\plugins\mcufinder
2022-10-16 03:31:21,927 [INFO] ServerAccessManage:474 - Download File api_config.json
2022-10-16 03:31:22,048 [INFO] LoadUrlFilesThread:150 - End of LoadUrlFiles Thread
2022-10-16 03:31:22,053 [INFO] DbMcusAds:52 - JSON generation date=Thu Sep 30 08:55:09 EET 2021 (1632984909377)
2022-10-16 03:31:22,298 [INFO] ServerAccessManage:474 - Download File 
2022-10-16 03:31:22,437 [INFO] LoadUrlFilesThread:177 - End of LoadServerUrlFiles without Thread
2022-10-16 03:31:22,437 [INFO] TargetSelectorAdapter:228 - Refresh data is successful
2022-10-16 03:31:22,533 [INFO] ApiDb:576 - Connected to CubeFinder SQLite database (C:\Users\rafik\.stmcufinder\plugins\mcufinder\mcu\cube-finder-db.db)
2022-10-16 03:31:22,558 [INFO] ApiDb:663 - CubeFinder database Data Model version=2.1
2022-10-16 03:31:22,558 [INFO] ApiDb:664 - CubeFinder database Configuration version=3.0.32
2022-10-16 03:31:22,558 [INFO] ApiDb:665 - CubeFinder database generation date=2022-08-05 (1659688109)
2022-10-16 03:31:22,558 [INFO] ApiDb:666 - CubeFinder database FW Pack versions=[STM32Cube_FW_C0_V1.0.0, STM32Cube_FW_F4_V1.27.1, STM32Cube_FW_F7_V1.17.0, STM32Cube_FW_G0_V1.6.1, STM32Cube_FW_G4_V1.5.0, STM32Cube_FW_H7_V1.10.0, STM32Cube_FW_L5_V1.4.0, STM32Cube_FW_U5_V1.1.1, STM32Cube_FW_WB_V1.14.1, STM32Cube_FW_WL_V1.2.0, X-CUBE-ALGOBUILD_V1.3.0, X-CUBE-ALS_V1.0.1, X-CUBE-AZRTOS-F4_V1.1.0, X-CUBE-AZRTOS-F7_V1.1.0, X-CUBE-AZRTOS-G0_V1.1.0, X-CUBE-AZRTOS-G4_V1.0.0, X-CUBE-AZRTOS-H7_V2.1.0, X-CUBE-AZRTOS-L4_V1.0.0, X-CUBE-AZRTOS-L5_V1.0.0, X-CUBE-AZRTOS-WL_V1.0.0, X-CUBE-BLE1_V6.2.3, X-CUBE-BLE2_V3.3.0, X-CUBE-EEPRMA1_V3.1.1, X-CUBE-GNSS1_V6.0.0, X-CUBE-MEMS1_V9.1.0, X-CUBE-MEMS1_V9.3.0, X-CUBE-NFC4_V2.0.4, X-CUBE-NFC7_V1.0.0, X-CUBE-SFXS2LP1_V4.0.0, X-CUBE-SUBG2_V5.0.0]
2022-10-16 03:31:24,338 [INFO] ApiDb:239 - Found 138 in-development CPN: [B-WB1M-WPAN1, NUCLEO-C031C6, STEVAL-STWINBX1, STM320518-EVAL, STM32C0116-DK, STM32C011D6Y3TR, STM32C011D6Y6TR, STM32C011F4P3, STM32C011F4P6, STM32C011F4U3, STM32C011F4U6TR, STM32C011F6P3, STM32C011F6P6, STM32C011F6U3, STM32C011F6U6TR, STM32C011J4M3, STM32C011J4M6, STM32C011J6M3, STM32C011J6M6, STM32C0316-DK, STM32C031C4T3, STM32C031C4T6, STM32C031C4U3, STM32C031C4U6, STM32C031C6T3, STM32C031C6T6, STM32C031C6U3, STM32C031C6U6, STM32C031F4P3, STM32C031F4P6, STM32C031F6P3, STM32C031F6P6, STM32C031G4U3, STM32C031G4U6, STM32C031G6U3, STM32C031G6U6, STM32C031K4T3, STM32C031K4T6, STM32C031K4U3, STM32C031K4U6, STM32C031K6T3, STM32C031K6T6, STM32C031K6U3, STM32C031K6U6, STM32G071K8TXN, STM32G071K8UXN, STM32G081GBU6N, STM32G081KBT6N, STM32G081KBUXN, STM32G0B1CCT6N, STM32G0B1KCT6, STM32G0B1NEY6TR, STM32G0B1RCT6N, STM32G0C1CCT6, STM32G0C1CCT6N, STM32G0C1CCU6N, STM32G0C1CET6N, STM32G0C1CEU6N, STM32G0C1KCT6, STM32G0C1NEY6TR, STM32G0C1RCI6N, STM32G0C1RCT6N, STM32G0C1REI6N, STM32G0C1RET6N, STM32G0C1VCI6, STM32G0C1VEI6, STM32G471CCT6, STM32G471CCU6, STM32G471CET3, STM32G471CET6, STM32G471CEU3, STM32G471CEU6, STM32G471MCT6, STM32G471MET3, STM32G471MET6, STM32G471MEY6TR, STM32G471QCT6, STM32G471QET3, STM32G471RCT6, STM32G471RET3, STM32G471RET6, STM32G471VCH6, STM32G471VCI6, STM32G471VCT6, STM32G471VEH3, STM32G471VEH6, STM32G471VEI3, STM32G471VEI6, STM32G471VET3, STM32G471VET6, STM32G474CCT6, STM32L476VGY6PTR, STM32L4R5QGI6STR, STM32MP131AAE3, STM32MP131AAF3, STM32MP131AAG3, STM32MP131CAE3, STM32MP131CAF3, STM32MP131CAG3, STM32MP131DAE7, STM32MP131DAF7, STM32MP131DAG7, STM32MP131FAE7, STM32MP131FAF7, STM32MP131FAG7, STM32MP133AAE3, STM32MP133AAF3, STM32MP133AAG3, STM32MP133CAE3, STM32MP133CAF3, STM32MP133CAG3, STM32MP133DAE7, STM32MP133DAF7, STM32MP133DAG7, STM32MP133FAE7, STM32MP133FAF7, STM32MP133FAG7, STM32MP135AAE3, STM32MP135AAF3, STM32MP135AAG3, STM32MP135CAE3, STM32MP135CAF3, STM32MP135CAG3, STM32MP135DAE7, STM32MP135DAF7, STM32MP135DAG7, STM32MP135F-DK, STM32MP135FAE7, STM32MP135FAF7, STM32MP135FAG7, STM32U595ZJT6Q, STM32U599BJY6QTR, STM32U599NIH6Q, STM32U599NJH6Q, STM32U5A5ZJT6Q, STM32U5A9BJY6QTR, STM32U5A9NJH6Q, STM32WB1MMCH6]
2022-10-16 03:31:24,343 [INFO] DbMcus:215 - Found 3542 MCUs, 3542 are supported
2022-10-16 03:31:24,352 [INFO] ApiDb:409 - User favorites file not found: C:\Users\rafik/.stm32cubeide/favorites.mcus.txt
2022-10-16 03:31:24,353 [INFO] DbMcus:221 - Set 0 / 0 favorites MCUs
2022-10-16 03:31:24,358 [INFO] ApiDb:663 - CubeFinder database Data Model version=2.1
2022-10-16 03:31:24,358 [INFO] ApiDb:664 - CubeFinder database Configuration version=3.0.32
2022-10-16 03:31:24,358 [INFO] ApiDb:665 - CubeFinder database generation date=2022-08-05 (1659688109)
2022-10-16 03:31:24,358 [INFO] ApiDb:666 - CubeFinder database FW Pack versions=[STM32Cube_FW_C0_V1.0.0, STM32Cube_FW_F4_V1.27.1, STM32Cube_FW_F7_V1.17.0, STM32Cube_FW_G0_V1.6.1, STM32Cube_FW_G4_V1.5.0, STM32Cube_FW_H7_V1.10.0, STM32Cube_FW_L5_V1.4.0, STM32Cube_FW_U5_V1.1.1, STM32Cube_FW_WB_V1.14.1, STM32Cube_FW_WL_V1.2.0, X-CUBE-ALGOBUILD_V1.3.0, X-CUBE-ALS_V1.0.1, X-CUBE-AZRTOS-F4_V1.1.0, X-CUBE-AZRTOS-F7_V1.1.0, X-CUBE-AZRTOS-G0_V1.1.0, X-CUBE-AZRTOS-G4_V1.0.0, X-CUBE-AZRTOS-H7_V2.1.0, X-CUBE-AZRTOS-L4_V1.0.0, X-CUBE-AZRTOS-L5_V1.0.0, X-CUBE-AZRTOS-WL_V1.0.0, X-CUBE-BLE1_V6.2.3, X-CUBE-BLE2_V3.3.0, X-CUBE-EEPRMA1_V3.1.1, X-CUBE-GNSS1_V6.0.0, X-CUBE-MEMS1_V9.1.0, X-CUBE-MEMS1_V9.3.0, X-CUBE-NFC4_V2.0.4, X-CUBE-NFC7_V1.0.0, X-CUBE-SFXS2LP1_V4.0.0, X-CUBE-SUBG2_V5.0.0]
2022-10-16 03:31:24,423 [INFO] DbBoardsSqlite:227 - include board P-NUCLEO-WB55-NUCLEO as a kit item of type 'Nucleo-64'
2022-10-16 03:31:24,423 [INFO] DbBoardsSqlite:227 - include board P-NUCLEO-WB55-USBDONGLE as a kit item of type 'Nucleo USB Dongle'
2022-10-16 03:31:24,423 [INFO] DbBoardsSqlite:227 - include board STEVAL-IDP005V1 as a kit item of type 'Evaluation Board'
2022-10-16 03:31:24,423 [INFO] DbBoardsSqlite:227 - include board STEVAL-IDP005V2 as a kit item of type 'Evaluation Board'
2022-10-16 03:31:24,433 [INFO] ApiDb:239 - Found 138 in-development CPN: [B-WB1M-WPAN1, NUCLEO-C031C6, STEVAL-STWINBX1, STM320518-EVAL, STM32C0116-DK, STM32C011D6Y3TR, STM32C011D6Y6TR, STM32C011F4P3, STM32C011F4P6, STM32C011F4U3, STM32C011F4U6TR, STM32C011F6P3, STM32C011F6P6, STM32C011F6U3, STM32C011F6U6TR, STM32C011J4M3, STM32C011J4M6, STM32C011J6M3, STM32C011J6M6, STM32C0316-DK, STM32C031C4T3, STM32C031C4T6, STM32C031C4U3, STM32C031C4U6, STM32C031C6T3, STM32C031C6T6, STM32C031C6U3, STM32C031C6U6, STM32C031F4P3, STM32C031F4P6, STM32C031F6P3, STM32C031F6P6, STM32C031G4U3, STM32C031G4U6, STM32C031G6U3, STM32C031G6U6, STM32C031K4T3, STM32C031K4T6, STM32C031K4U3, STM32C031K4U6, STM32C031K6T3, STM32C031K6T6, STM32C031K6U3, STM32C031K6U6, STM32G071K8TXN, STM32G071K8UXN, STM32G081GBU6N, STM32G081KBT6N, STM32G081KBUXN, STM32G0B1CCT6N, STM32G0B1KCT6, STM32G0B1NEY6TR, STM32G0B1RCT6N, STM32G0C1CCT6, STM32G0C1CCT6N, STM32G0C1CCU6N, STM32G0C1CET6N, STM32G0C1CEU6N, STM32G0C1KCT6, STM32G0C1NEY6TR, STM32G0C1RCI6N, STM32G0C1RCT6N, STM32G0C1REI6N, STM32G0C1RET6N, STM32G0C1VCI6, STM32G0C1VEI6, STM32G471CCT6, STM32G471CCU6, STM32G471CET3, STM32G471CET6, STM32G471CEU3, STM32G471CEU6, STM32G471MCT6, STM32G471MET3, STM32G471MET6, STM32G471MEY6TR, STM32G471QCT6, STM32G471QET3, STM32G471RCT6, STM32G471RET3, STM32G471RET6, STM32G471VCH6, STM32G471VCI6, STM32G471VCT6, STM32G471VEH3, STM32G471VEH6, STM32G471VEI3, STM32G471VEI6, STM32G471VET3, STM32G471VET6, STM32G474CCT6, STM32L476VGY6PTR, STM32L4R5QGI6STR, STM32MP131AAE3, STM32MP131AAF3, STM32MP131AAG3, STM32MP131CAE3, STM32MP131CAF3, STM32MP131CAG3, STM32MP131DAE7, STM32MP131DAF7, STM32MP131DAG7, STM32MP131FAE7, STM32MP131FAF7, STM32MP131FAG7, STM32MP133AAE3, STM32MP133AAF3, STM32MP133AAG3, STM32MP133CAE3, STM32MP133CAF3, STM32MP133CAG3, STM32MP133DAE7, STM32MP133DAF7, STM32MP133DAG7, STM32MP133FAE7, STM32MP133FAF7, STM32MP133FAG7, STM32MP135AAE3, STM32MP135AAF3, STM32MP135AAG3, STM32MP135CAE3, STM32MP135CAF3, STM32MP135CAG3, STM32MP135DAE7, STM32MP135DAF7, STM32MP135DAG7, STM32MP135F-DK, STM32MP135FAE7, STM32MP135FAF7, STM32MP135FAG7, STM32U595ZJT6Q, STM32U599BJY6QTR, STM32U599NIH6Q, STM32U599NJH6Q, STM32U5A5ZJT6Q, STM32U5A9BJY6QTR, STM32U5A9NJH6Q, STM32WB1MMCH6]
2022-10-16 03:31:24,553 [INFO] BoardInfo:879 - No configuration file found for board P-NUCLEO-WB55
2022-10-16 03:31:24,553 [INFO] DbBoards:156 - Kit is not supported: P-NUCLEO-WB55
2022-10-16 03:31:24,558 [INFO] BoardInfo:879 - No configuration file found for board STEVAL-BFA001V1B
2022-10-16 03:31:24,558 [INFO] DbBoards:156 - Kit is not supported: STEVAL-BFA001V1B
2022-10-16 03:31:24,558 [INFO] BoardInfo:879 - No configuration file found for board STEVAL-BFA001V2B
2022-10-16 03:31:24,558 [INFO] DbBoards:156 - Kit is not supported: STEVAL-BFA001V2B
2022-10-16 03:31:24,678 [INFO] DbBoards:160 - Found 176 boards, 173 are supported
2022-10-16 03:31:24,683 [INFO] ApiDb:409 - User favorites file not found: C:\Users\rafik/.stm32cubeide/favorites.boards.txt
2022-10-16 03:31:24,688 [INFO] DbBoards:189 - Set 0 / 0 favorites Boards
2022-10-16 03:31:24,688 [INFO] ApiDb:663 - CubeFinder database Data Model version=2.1
2022-10-16 03:31:24,688 [INFO] ApiDb:664 - CubeFinder database Configuration version=3.0.32
2022-10-16 03:31:24,688 [INFO] ApiDb:665 - CubeFinder database generation date=2022-08-05 (1659688109)
2022-10-16 03:31:24,688 [INFO] ApiDb:666 - CubeFinder database FW Pack versions=[STM32Cube_FW_C0_V1.0.0, STM32Cube_FW_F4_V1.27.1, STM32Cube_FW_F7_V1.17.0, STM32Cube_FW_G0_V1.6.1, STM32Cube_FW_G4_V1.5.0, STM32Cube_FW_H7_V1.10.0, STM32Cube_FW_L5_V1.4.0, STM32Cube_FW_U5_V1.1.1, STM32Cube_FW_WB_V1.14.1, STM32Cube_FW_WL_V1.2.0, X-CUBE-ALGOBUILD_V1.3.0, X-CUBE-ALS_V1.0.1, X-CUBE-AZRTOS-F4_V1.1.0, X-CUBE-AZRTOS-F7_V1.1.0, X-CUBE-AZRTOS-G0_V1.1.0, X-CUBE-AZRTOS-G4_V1.0.0, X-CUBE-AZRTOS-H7_V2.1.0, X-CUBE-AZRTOS-L4_V1.0.0, X-CUBE-AZRTOS-L5_V1.0.0, X-CUBE-AZRTOS-WL_V1.0.0, X-CUBE-BLE1_V6.2.3, X-CUBE-BLE2_V3.3.0, X-CUBE-EEPRMA1_V3.1.1, X-CUBE-GNSS1_V6.0.0, X-CUBE-MEMS1_V9.1.0, X-CUBE-MEMS1_V9.3.0, X-CUBE-NFC4_V2.0.4, X-CUBE-NFC7_V1.0.0, X-CUBE-SFXS2LP1_V4.0.0, X-CUBE-SUBG2_V5.0.0]
2022-10-16 03:31:25,463 [INFO] DbExamplesSqlite:374 - Ignored 31 examples not supported by CubeIDE
2022-10-16 03:31:25,463 [INFO] DbExamplesSqlite:375 - Found 6197 examples active
2022-10-16 03:31:25,463 [INFO] DbExamplesSqlite:376 - Found 89 examples obsolete
2022-10-16 03:31:25,463 [INFO] DbExamplesSqlite:377 - Found 0 examples under development
2022-10-16 03:31:25,463 [INFO] DbExamplesSqlite:378 - Found 76 examples not building
2022-10-16 03:31:25,468 [INFO] DbExamples:124 - Found 6242 examples
2022-10-16 03:31:25,478 [INFO] DbExamples:221 - Found 77 boards with related examples
2022-10-16 03:31:25,478 [INFO] DbExamples:234 - Found 64 MCUs with related examples
2022-10-16 03:31:25,498 [INFO] ApiDb:409 - User favorites file not found: C:\Users\rafik/.stm32cubeide/favorites.examples.txt
2022-10-16 03:31:25,498 [INFO] DbExamples:249 - Set 0 / 0 favorites Examples
2022-10-16 03:31:25,753 [INFO] McuFinderGlobals:57 - Set McuFinderConnectedMode to true
2022-10-16 03:31:25,758 [INFO] MultiScanPanel:195 - Auto-refresh data requested => check proxy status ongoing
2022-10-16 03:31:25,763 [INFO] FinderPluginLoader:92 - Searching for filters in installed packs
2022-10-16 03:31:27,329 [INFO] LoadUrlFilesThread:177 - End of LoadServerUrlFiles without Thread
2022-10-16 03:31:27,339 [INFO] DetailPanel:339 - Set advertising image to C:/Users/rafik/STM32Cube/Repository/\en.Prom_NBSTM32U50921.jpg
2022-10-16 03:35:17,094 [INFO] McuFinderGlobals:57 - Set McuFinderConnectedMode to true
2022-10-16 03:35:17,099 [INFO] ApiDb:443 - Save user favorites file C:\Users\rafik/.stm32cubeide/favorites.mcus.txt: 0 item(s)
2022-10-16 03:35:17,099 [INFO] ApiDb:447 - User favorites MCUs=[]
2022-10-16 11:06:01,916 [ERROR] LogOutputStream:74 - [STDERR_REDIRECT] 
