2022-11-03 13:00:12,577 [INFO] Activator:177 - 


2022-11-03 13:00:12,577 [INFO] Activator:178 - !SESSION log4j initialized
2022-11-03 13:00:23,559 [INFO] McuFinderGlobals:44 - Set McuFinder mode to 2 (CubeIDE integrated)
2022-11-03 13:00:23,969 [INFO] ApplicationProperties:181 - Using Application install path: C:\ST\STM32CubeIDE_1.10.1\STM32CubeIDE\plugins\com.st.stm32cube.common.mx_6.6.1.202207061420
2022-11-03 13:00:23,989 [INFO] DbMcusXml:77 - Set database path to: C:\ST\STM32CubeIDE_1.10.1\STM32CubeIDE\plugins\com.st.stm32cube.common.mx_6.6.1.202207061420\\db\/mcu/
2022-11-03 13:00:23,989 [INFO] ApiDb:269 - Set plugin database path to: C:\ST\STM32CubeIDE_1.10.1\STM32CubeIDE\plugins\com.st.stm32cube.common.mx_6.6.1.202207061420\\db\/plugins/boardmanager/
2022-11-03 13:00:23,994 [WARN] ApiDb:254 - Overriding images path with different value:  => C:\ST\STM32CubeIDE_1.10.1\STM32CubeIDE\plugins\com.st.stm32cube.common.mx_6.6.1.202207061420\\db\/plugins/mcufinder/images/
2022-11-03 13:00:24,014 [INFO] ApiDb:249 - Set database path to: C:\Users\rafik\.stmcufinder\plugins\mcufinder//mcu/
2022-11-03 13:00:24,014 [INFO] DbMcusAds:124 - Set database path to: C:\Users\rafik\.stmcufinder\plugins\mcufinder//mcu/
2022-11-03 13:00:24,019 [INFO] CrossReferenceDbSqlite:201 - Set database path to: C:\Users\rafik\.stmcufinder\plugins\mcufinder//mcu/cs/
2022-11-03 13:00:24,164 [INFO] RulesReader:61 - Compatibility file has been processed (282 Rules)
2022-11-03 13:00:24,294 [INFO] DbMcusXml:77 - Set database path to: C:\ST\STM32CubeIDE_1.10.1\STM32CubeIDE\plugins\com.st.stm32cube.common.mx_6.6.1.202207061420\\db\/mcu/
2022-11-03 13:00:24,294 [INFO] ApiDb:269 - Set plugin database path to: C:\ST\STM32CubeIDE_1.10.1\STM32CubeIDE\plugins\com.st.stm32cube.common.mx_6.6.1.202207061420\\db\/plugins/boardmanager/
2022-11-03 13:00:24,294 [INFO] ApiDb:256 - Set plugin images path to: C:\ST\STM32CubeIDE_1.10.1\STM32CubeIDE\plugins\com.st.stm32cube.common.mx_6.6.1.202207061420\\db\/plugins/mcufinder/images/
2022-11-03 13:00:24,294 [WARN] DbFile:40 - Overriding database path with different value: C:\Users\rafik\.stmcufinder\plugins\mcufinder/ => C:\Users\rafik\.stmcufinder\plugins\mcufinder
2022-11-03 13:00:24,294 [INFO] ApiDb:249 - Set database path to: C:\Users\rafik\.stmcufinder\plugins\mcufinder//mcu/
2022-11-03 13:00:24,294 [WARN] DbFile:40 - Overriding database path with different value: C:\Users\rafik\.stmcufinder\plugins\mcufinder/ => C:\Users\rafik\.stmcufinder\plugins\mcufinder
2022-11-03 13:00:24,294 [INFO] DbMcusAds:124 - Set database path to: C:\Users\rafik\.stmcufinder\plugins\mcufinder//mcu/
2022-11-03 13:00:24,299 [WARN] DbFile:40 - Overriding database path with different value: C:\Users\rafik\.stmcufinder\plugins\mcufinder/ => C:\Users\rafik\.stmcufinder\plugins\mcufinder
2022-11-03 13:00:24,299 [WARN] DbFile:40 - Overriding database path with different value: C:\Users\rafik\.stmcufinder\plugins\mcufinder/ => C:\Users\rafik\.stmcufinder\plugins\mcufinder
2022-11-03 13:00:24,299 [INFO] CrossReferenceDbSqlite:201 - Set database path to: C:\Users\rafik\.stmcufinder\plugins\mcufinder//mcu/cs/
2022-11-03 13:00:24,424 [INFO] MainPanel:242 - HeapMemory: 268435456
2022-11-03 13:00:24,554 [INFO] DbMcusXml:77 - Set database path to: C:\ST\STM32CubeIDE_1.10.1\STM32CubeIDE\plugins\com.st.stm32cube.common.mx_6.6.1.202207061420\\db\/mcu/
2022-11-03 13:00:24,554 [INFO] ApiDb:269 - Set plugin database path to: C:\ST\STM32CubeIDE_1.10.1\STM32CubeIDE\plugins\com.st.stm32cube.common.mx_6.6.1.202207061420\\db\/plugins/boardmanager/
2022-11-03 13:00:24,554 [INFO] ApiDb:256 - Set plugin images path to: C:\ST\STM32CubeIDE_1.10.1\STM32CubeIDE\plugins\com.st.stm32cube.common.mx_6.6.1.202207061420\\db\/plugins/mcufinder/images/
2022-11-03 13:00:24,559 [WARN] DbFile:40 - Overriding database path with different value: C:\Users\rafik\.stmcufinder\plugins\mcufinder/ => C:\Users\rafik\.stmcufinder\plugins\mcufinder
2022-11-03 13:00:24,559 [INFO] ApiDb:249 - Set database path to: C:\Users\rafik\.stmcufinder\plugins\mcufinder//mcu/
2022-11-03 13:00:24,559 [WARN] DbFile:40 - Overriding database path with different value: C:\Users\rafik\.stmcufinder\plugins\mcufinder/ => C:\Users\rafik\.stmcufinder\plugins\mcufinder
2022-11-03 13:00:24,559 [INFO] DbMcusAds:124 - Set database path to: C:\Users\rafik\.stmcufinder\plugins\mcufinder//mcu/
2022-11-03 13:00:24,559 [WARN] DbFile:40 - Overriding database path with different value: C:\Users\rafik\.stmcufinder\plugins\mcufinder/ => C:\Users\rafik\.stmcufinder\plugins\mcufinder
2022-11-03 13:00:24,559 [WARN] DbFile:40 - Overriding database path with different value: C:\Users\rafik\.stmcufinder\plugins\mcufinder/ => C:\Users\rafik\.stmcufinder\plugins\mcufinder
2022-11-03 13:00:24,559 [INFO] CrossReferenceDbSqlite:201 - Set database path to: C:\Users\rafik\.stmcufinder\plugins\mcufinder//mcu/cs/
2022-11-03 13:00:24,589 [INFO] ApplicationProperties:181 - Using Application install path: C:\ST\STM32CubeIDE_1.10.1\STM32CubeIDE\plugins\com.st.stm32cube.common.mx_6.6.1.202207061420
2022-11-03 13:00:24,589 [INFO] PluginManage:193 - Search for loadable plugins [exclusion list=, ]
2022-11-03 13:00:24,594 [INFO] PluginManage:307 - Check plugin analytics
2022-11-03 13:00:24,814 [INFO] AnalyticsPlugin:262 - Accepted Software Licenses: 
2022-11-03 13:00:24,814 [INFO] AnalyticsPlugin:264 - Accepted CMSIS Pack Licenses: 
2022-11-03 13:00:24,814 [INFO] AnalyticsPlugin:266 - Accepted Firmware Licenses: 
2022-11-03 13:00:24,829 [INFO] PluginManage:356 - Loaded plugin analytics (category:tool,tabindex:-1)
2022-11-03 13:00:24,829 [INFO] PluginManage:307 - Check plugin cadmodel
2022-11-03 13:00:24,844 [INFO] CADModel:65 - Init CAD model plugin
2022-11-03 13:00:24,844 [INFO] PluginManage:356 - Loaded plugin cadmodel (category:power,tabindex:5)
2022-11-03 13:00:24,844 [INFO] PluginManage:307 - Check plugin clock
2022-11-03 13:00:24,869 [INFO] PluginManage:356 - Loaded plugin clock (category:base,tabindex:2)
2022-11-03 13:00:24,869 [INFO] PluginManage:307 - Check plugin ddr
2022-11-03 13:00:24,869 [INFO] PluginManage:356 - Loaded plugin ddr (category:tool,tabindex:6)
2022-11-03 13:00:24,869 [INFO] PluginManage:307 - Check plugin filemanager
2022-11-03 13:00:25,054 [INFO] PluginManage:356 - Loaded plugin filemanager (category:base,tabindex:10)
2022-11-03 13:00:25,054 [INFO] PluginManage:307 - Check plugin ipmanager
2022-11-03 13:00:25,064 [INFO] PluginManage:356 - Loaded plugin ipmanager (category:base,tabindex:5)
2022-11-03 13:00:25,064 [INFO] PluginManage:307 - Check plugin lpbam
2022-11-03 13:00:25,084 [INFO] PluginManage:356 - Loaded plugin lpbam (category:base,tabindex:0)
2022-11-03 13:00:25,084 [INFO] PluginManage:307 - Check plugin pinoutandconfiguration
2022-11-03 13:00:25,099 [INFO] PluginManage:356 - Loaded plugin pinoutandconfiguration (category:base,tabindex:1)
2022-11-03 13:00:25,099 [INFO] PluginManage:307 - Check plugin pinoutconfig
2022-11-03 13:00:25,144 [INFO] PluginManage:356 - Loaded plugin pinoutconfig (category:base,tabindex:0)
2022-11-03 13:00:25,144 [INFO] PluginManage:307 - Check plugin power
2022-11-03 13:00:25,159 [INFO] PluginManage:356 - Loaded plugin power (category:power,tabindex:4)
2022-11-03 13:00:25,159 [INFO] PluginManage:307 - Check plugin projectmanager
2022-11-03 13:00:25,179 [INFO] PluginManage:356 - Loaded plugin projectmanager (category:projectmanager,tabindex:3)
2022-11-03 13:00:25,179 [INFO] PluginManage:307 - Check plugin thirdparty
2022-11-03 13:00:25,414 [WARN] IntegrityCheckThread:82 - waiting for thirdparty lock release [integrity check]
2022-11-03 13:00:25,414 [INFO] PluginManage:356 - Loaded plugin thirdparty (category:base,tabindex:-1)
2022-11-03 13:00:25,414 [INFO] IntegrityCheckThread:84 - entering critical section [integrity check]
2022-11-03 13:00:25,414 [INFO] PluginManage:307 - Check plugin tools
2022-11-03 13:00:25,419 [INFO] ThirdPartyUpdaterWithRetryManager:70 - Updater plugin not ready yet. [1/15]
2022-11-03 13:00:25,439 [INFO] PluginManage:356 - Loaded plugin tools (category:base,tabindex:7)
2022-11-03 13:00:25,439 [INFO] PluginManage:307 - Check plugin tutovideos
2022-11-03 13:00:25,734 [INFO] PluginManage:356 - Loaded plugin tutovideos (category:base,tabindex:-1)
2022-11-03 13:00:25,734 [INFO] PluginManage:307 - Check plugin updater
2022-11-03 13:00:25,754 [INFO] PluginManage:356 - Loaded plugin updater (category:base,tabindex:12)
2022-11-03 13:00:25,754 [INFO] PluginManage:280 - PluginManage : Loaded plugins [15]
2022-11-03 13:00:26,124 [INFO] PinOutPanel:1468 - setPackage(No Configuration,No Configuration)
2022-11-03 13:00:26,214 [INFO] CADModel:98 - CPN selected for project level
2022-11-03 13:00:26,249 [INFO] IPUIPlugin:79 - create IPUIPlugin
2022-11-03 13:00:26,249 [INFO] PluginManager:217 - loadIPPluginJar : add adc
2022-11-03 13:00:26,274 [INFO] IPUIPlugin:79 - create IPUIPlugin
2022-11-03 13:00:26,279 [INFO] PluginManager:217 - loadIPPluginJar : add aes
2022-11-03 13:00:26,309 [INFO] IPUIPlugin:79 - create IPUIPlugin
2022-11-03 13:00:26,309 [INFO] PluginManager:217 - loadIPPluginJar : add can
2022-11-03 13:00:26,329 [INFO] IPUIPlugin:79 - create IPUIPlugin
2022-11-03 13:00:26,329 [INFO] PluginManager:217 - loadIPPluginJar : add comp
2022-11-03 13:00:26,359 [INFO] IPUIPlugin:79 - create IPUIPlugin
2022-11-03 13:00:26,359 [INFO] PluginManager:217 - loadIPPluginJar : add cryp
2022-11-03 13:00:26,384 [INFO] IPUIPlugin:79 - create IPUIPlugin
2022-11-03 13:00:26,384 [INFO] PluginManager:217 - loadIPPluginJar : add dfsdm
2022-11-03 13:00:26,394 [INFO] IPUIPlugin:79 - create IPUIPlugin
2022-11-03 13:00:26,399 [INFO] PluginManager:217 - loadIPPluginJar : add dma
2022-11-03 13:00:26,429 [INFO] IPUIPlugin:79 - create IPUIPlugin
2022-11-03 13:00:26,429 [INFO] PluginManager:217 - loadIPPluginJar : add dma3
2022-11-03 13:00:26,449 [INFO] IPUIPlugin:79 - create IPUIPlugin
2022-11-03 13:00:26,449 [INFO] PluginManager:217 - loadIPPluginJar : add fatfs
2022-11-03 13:00:26,484 [INFO] IPUIPlugin:79 - create IPUIPlugin
2022-11-03 13:00:26,484 [INFO] PluginManager:217 - loadIPPluginJar : add fmc
2022-11-03 13:00:26,499 [INFO] IPUIPlugin:79 - create IPUIPlugin
2022-11-03 13:00:26,499 [INFO] PluginManager:217 - loadIPPluginJar : add freertos
2022-11-03 13:00:26,514 [INFO] IPUIPlugin:79 - create IPUIPlugin
2022-11-03 13:00:26,519 [INFO] PluginManager:217 - loadIPPluginJar : add genericplugin
2022-11-03 13:00:26,589 [INFO] IPUIPlugin:79 - create IPUIPlugin
2022-11-03 13:00:26,589 [INFO] PluginManager:217 - loadIPPluginJar : add gfxmmu
2022-11-03 13:00:26,694 [INFO] IPUIPlugin:79 - create IPUIPlugin
2022-11-03 13:00:26,694 [INFO] PluginManager:217 - loadIPPluginJar : add gic
2022-11-03 13:00:26,704 [INFO] IPUIPlugin:79 - create IPUIPlugin
2022-11-03 13:00:26,704 [INFO] PluginManager:217 - loadIPPluginJar : add gpio
2022-11-03 13:00:26,774 [INFO] IPUIPlugin:79 - create IPUIPlugin
2022-11-03 13:00:26,774 [INFO] PluginManager:217 - loadIPPluginJar : add gtzc
2022-11-03 13:00:26,799 [INFO] IPUIPlugin:79 - create IPUIPlugin
2022-11-03 13:00:26,799 [INFO] PluginManager:217 - loadIPPluginJar : add hash
2022-11-03 13:00:26,839 [INFO] IPUIPlugin:79 - create IPUIPlugin
2022-11-03 13:00:26,839 [INFO] PluginManager:217 - loadIPPluginJar : add i2c
2022-11-03 13:00:26,869 [INFO] IPUIPlugin:79 - create IPUIPlugin
2022-11-03 13:00:26,869 [INFO] PluginManager:217 - loadIPPluginJar : add i2s
2022-11-03 13:00:26,964 [INFO] IPUIPlugin:79 - create IPUIPlugin
2022-11-03 13:00:26,964 [INFO] PluginManager:217 - loadIPPluginJar : add ipddr
2022-11-03 13:00:27,034 [INFO] IPUIPlugin:79 - create IPUIPlugin
2022-11-03 13:00:27,034 [INFO] PluginManager:217 - loadIPPluginJar : add linkedlist
2022-11-03 13:00:27,064 [INFO] IPUIPlugin:79 - create IPUIPlugin
2022-11-03 13:00:27,064 [INFO] PluginManager:217 - loadIPPluginJar : add lorawan
2022-11-03 13:00:27,089 [INFO] IPUIPlugin:79 - create IPUIPlugin
2022-11-03 13:00:27,089 [INFO] PluginManager:217 - loadIPPluginJar : add ltdc
2022-11-03 13:00:27,104 [INFO] IPUIPlugin:79 - create IPUIPlugin
2022-11-03 13:00:27,104 [INFO] PluginManager:217 - loadIPPluginJar : add mdma
2022-11-03 13:00:27,114 [INFO] IPUIPlugin:79 - create IPUIPlugin
2022-11-03 13:00:27,114 [INFO] PluginManager:217 - loadIPPluginJar : add nvic
2022-11-03 13:00:27,144 [INFO] IPUIPlugin:79 - create IPUIPlugin
2022-11-03 13:00:27,144 [INFO] PluginManager:217 - loadIPPluginJar : add opamp
2022-11-03 13:00:27,194 [INFO] IPUIPlugin:79 - create IPUIPlugin
2022-11-03 13:00:27,194 [INFO] PluginManager:217 - loadIPPluginJar : add openamp
2022-11-03 13:00:27,229 [INFO] IPUIPlugin:79 - create IPUIPlugin
2022-11-03 13:00:27,229 [INFO] PluginManager:217 - loadIPPluginJar : add pdm2pcm
2022-11-03 13:00:27,244 [INFO] IPUIPlugin:79 - create IPUIPlugin
2022-11-03 13:00:27,249 [INFO] PluginManager:217 - loadIPPluginJar : add plateformsettings
2022-11-03 13:00:27,264 [INFO] IPUIPlugin:79 - create IPUIPlugin
2022-11-03 13:00:27,264 [INFO] PluginManager:217 - loadIPPluginJar : add quadspi
2022-11-03 13:00:27,274 [INFO] IPUIPlugin:79 - create IPUIPlugin
2022-11-03 13:00:27,274 [INFO] PluginManager:217 - loadIPPluginJar : add resmgrutility
2022-11-03 13:00:27,314 [INFO] IPUIPlugin:79 - create IPUIPlugin
2022-11-03 13:00:27,314 [INFO] PluginManager:217 - loadIPPluginJar : add sai
2022-11-03 13:00:27,344 [INFO] IPUIPlugin:79 - create IPUIPlugin
2022-11-03 13:00:27,349 [INFO] PluginManager:217 - loadIPPluginJar : add spi
2022-11-03 13:00:27,394 [INFO] IPUIPlugin:79 - create IPUIPlugin
2022-11-03 13:00:27,394 [INFO] PluginManager:217 - loadIPPluginJar : add stm32_wpan
2022-11-03 13:00:27,409 [INFO] IPUIPlugin:79 - create IPUIPlugin
2022-11-03 13:00:27,409 [INFO] PluginManager:217 - loadIPPluginJar : add tim
2022-11-03 13:00:27,459 [INFO] IPUIPlugin:79 - create IPUIPlugin
2022-11-03 13:00:27,459 [INFO] PluginManager:217 - loadIPPluginJar : add touchsensing
2022-11-03 13:00:27,479 [INFO] IPUIPlugin:79 - create IPUIPlugin
2022-11-03 13:00:27,479 [INFO] PluginManager:217 - loadIPPluginJar : add tracer_emb
2022-11-03 13:00:27,499 [INFO] IPUIPlugin:79 - create IPUIPlugin
2022-11-03 13:00:27,499 [INFO] PluginManager:217 - loadIPPluginJar : add ts
2022-11-03 13:00:27,519 [INFO] IPUIPlugin:79 - create IPUIPlugin
2022-11-03 13:00:27,519 [INFO] PluginManager:217 - loadIPPluginJar : add tsc
2022-11-03 13:00:27,539 [INFO] IPUIPlugin:79 - create IPUIPlugin
2022-11-03 13:00:27,539 [INFO] PluginManager:217 - loadIPPluginJar : add ucpd
2022-11-03 13:00:27,574 [INFO] IPUIPlugin:79 - create IPUIPlugin
2022-11-03 13:00:27,574 [INFO] PluginManager:217 - loadIPPluginJar : add usart
2022-11-03 13:00:27,609 [INFO] IPUIPlugin:79 - create IPUIPlugin
2022-11-03 13:00:27,609 [INFO] PluginManager:217 - loadIPPluginJar : add usbx
2022-11-03 13:00:27,931 [FATAL] Updater:301 - Updater called before beeing initialized
2022-11-03 13:00:28,081 [FATAL] Updater:301 - Updater called before beeing initialized
2022-11-03 13:00:28,101 [INFO] DbMcusAds:52 - JSON generation date=Thu Sep 30 08:55:09 EET 2021 (1632984909377)
2022-11-03 13:00:28,101 [FATAL] Updater:301 - Updater called before beeing initialized
2022-11-03 13:00:28,176 [WARN] DetailPanel:344 - Failed to get advertising image, set to default
2022-11-03 13:00:28,311 [FATAL] Updater:301 - Updater called before beeing initialized
2022-11-03 13:00:28,316 [FATAL] Updater:301 - Updater called before beeing initialized
2022-11-03 13:00:28,316 [FATAL] Updater:301 - Updater called before beeing initialized
2022-11-03 13:00:28,316 [WARN] DetailPanel:344 - Failed to get advertising image, set to default
2022-11-03 13:00:28,316 [FATAL] Updater:301 - Updater called before beeing initialized
2022-11-03 13:00:28,396 [ERROR] Updater:1105 - MainUpdater not yet initialized. External WinMGr cannot be set.
2022-11-03 13:00:28,406 [INFO] Updater:1041 - Updater Version found : 6.6.1
2022-11-03 13:00:28,421 [INFO] ThirdPartyUpdaterWithRetryManager:70 - Updater plugin not ready yet. [2/15]
2022-11-03 13:00:28,426 [INFO] ApplicationProperties:181 - Using Application install path: C:\ST\STM32CubeIDE_1.10.1\STM32CubeIDE\plugins\com.st.stm32cube.common.mx_6.6.1.202207061420
2022-11-03 13:00:28,531 [ERROR] ServerAccessManage:1147 - Warning during Server Connexion :  Unknown host sw-center.st.com
2022-11-03 13:00:28,536 [INFO] MainUpdater:2768 - connection check result : 22
2022-11-03 13:00:28,541 [INFO] MainUpdater:280 - Updater Check For Update Now.
2022-11-03 13:00:28,541 [INFO] MicroXplorer:481 - Change Database Version : DB.6.0.60
2022-11-03 13:00:28,781 [INFO] CheckServerUpdateThread:119 - End of CheckServer Thread
2022-11-03 13:00:28,791 [ERROR] ServerAccessManage:1147 - Warning during Server Connexion :  Unknown host sw-center.st.com
2022-11-03 13:00:28,791 [INFO] MainUpdater:2768 - connection check result : 22
2022-11-03 13:00:31,598 [WARN] PackLoader:242 - Cannot read IP mode file for STMicroelectronics.X-CUBE-GNSS1.6.0.0
2022-11-03 13:00:31,653 [WARN] PackLoader:242 - Cannot read IP mode file for STMicroelectronics.X-CUBE-AZRTOS-F4.1.1.0
2022-11-03 13:00:31,683 [WARN] PackLoader:242 - Cannot read IP mode file for STMicroelectronics.X-CUBE-BLEMGR.1.2.0
2022-11-03 13:00:31,738 [WARN] PackLoader:242 - Cannot read IP mode file for STMicroelectronics.X-CUBE-AZRTOS-F7.1.1.0
2022-11-03 13:00:31,763 [WARN] PackLoader:242 - Cannot read IP mode file for STMicroelectronics.X-CUBE-BLE1.6.2.3
2022-11-03 13:00:31,778 [WARN] PackLoader:242 - Cannot read IP mode file for STMicroelectronics.X-CUBE-NFC4.2.0.4
2022-11-03 13:00:31,843 [WARN] PackLoader:242 - Cannot read IP mode file for STMicroelectronics.X-CUBE-TOF1.3.1.0
2022-11-03 13:00:31,868 [WARN] PackLoader:242 - Cannot read IP mode file for wolfSSL.I-CUBE-wolfSSL.5.5.1
2022-11-03 13:00:31,908 [WARN] PackLoader:242 - Cannot read IP mode file for STMicroelectronics.X-CUBE-NFC7.1.0.0
2022-11-03 13:00:31,993 [WARN] PackLoader:242 - Cannot read IP mode file for STMicroelectronics.X-CUBE-MEMS1.9.3.0
2022-11-03 13:00:32,193 [WARN] PackLoader:242 - Cannot read IP mode file for STMicroelectronics.X-CUBE-AI.7.2.0
2022-11-03 13:00:32,213 [WARN] PackLoader:242 - Cannot read IP mode file for STMicroelectronics.X-CUBE-SFXS2LP1.4.0.0
2022-11-03 13:00:32,228 [WARN] PackLoader:242 - Cannot read IP mode file for STMicroelectronics.X-CUBE-BLE2.3.3.0
2022-11-03 13:00:32,248 [WARN] PackLoader:242 - Cannot read IP mode file for STMicroelectronics.X-CUBE-DISPLAY.2.2.0
2022-11-03 13:00:32,268 [WARN] PackLoader:242 - Cannot read IP mode file for STMicroelectronics.X-CUBE-ISPU.1.0.0
2022-11-03 13:00:32,288 [WARN] PackLoader:242 - Cannot read IP mode file for RoweBots.I-CUBE-UNISONRTOS.5.5.0-4
2022-11-03 13:00:32,323 [WARN] PackLoader:242 - Cannot read IP mode file for STMicroelectronics.X-CUBE-AZRTOS-H7.2.1.0
2022-11-03 13:00:32,343 [WARN] PackLoader:242 - Cannot read IP mode file for STMicroelectronics.X-CUBE-ALGOBUILD.1.3.0
2022-11-03 13:00:32,393 [WARN] PackLoader:242 - Cannot read IP mode file for STMicroelectronics.X-CUBE-AZRTOS-G0.1.1.0
2022-11-03 13:00:32,433 [WARN] PackLoader:242 - Cannot read IP mode file for STMicroelectronics.X-CUBE-SUBG2.5.0.0
2022-11-03 13:00:32,508 [WARN] PackLoader:242 - Cannot read IP mode file for SEGGER.I-CUBE-embOS.1.2.1
2022-11-03 13:00:32,578 [WARN] PackLoader:242 - Cannot read IP mode file for STMicroelectronics.FP-ATR-ASTRA1.1.1.1
2022-11-03 13:00:32,608 [WARN] PackLoader:242 - Cannot read IP mode file for STMicroelectronics.X-CUBE-AZRTOS-G4.1.0.0
2022-11-03 13:00:32,623 [WARN] PackLoader:242 - Cannot read IP mode file for STMicroelectronics.FP-ATR-SIGFOX1.3.2.0
2022-11-03 13:00:32,658 [WARN] PackLoader:242 - Cannot read IP mode file for STMicroelectronics.X-CUBE-AZRTOS-L4.1.0.0
2022-11-03 13:00:32,678 [WARN] PackLoader:242 - Cannot read IP mode file for emotas.I-CUBE-CANOPEN.1.1.2
2022-11-03 13:00:32,693 [WARN] PackLoader:242 - Cannot read IP mode file for STMicroelectronics.X-CUBE-TOUCHGFX.4.20.0
2022-11-03 13:00:32,718 [WARN] PackLoader:242 - Cannot read IP mode file for STMicroelectronics.X-CUBE-AZRTOS-WL.1.0.0
2022-11-03 13:00:32,733 [WARN] PackLoader:242 - Cannot read IP mode file for portGmbH.I-Cube-SoM-uGOAL.1.1.0
2022-11-03 13:00:32,743 [WARN] PackLoader:242 - Cannot read IP mode file for STMicroelectronics.X-CUBE-ALS.1.0.1
2022-11-03 13:00:32,783 [WARN] PackLoader:242 - Cannot read IP mode file for STMicroelectronics.X-CUBE-AZRTOS-L5.1.0.0
2022-11-03 13:00:32,803 [WARN] PackLoader:242 - Cannot read IP mode file for STMicroelectronics.X-CUBE-EEPRMA1.3.1.1
2022-11-03 13:00:32,803 [INFO] ThirdParty:929 - Integrity check success = true
2022-11-03 13:00:32,803 [INFO] IntegrityCheckThread:98 - exiting critical section [integrity check]
2022-11-03 13:00:32,803 [INFO] IntegrityCheckThread:101 - End integrity checks thread
2022-11-03 13:00:36,986 [ERROR] LogOutputStream:74 - [STDERR_REDIRECT] SLF4J: Failed to load class "org.slf4j.impl.StaticLoggerBinder".
2022-11-03 13:00:36,986 [ERROR] LogOutputStream:74 - [STDERR_REDIRECT] SLF4J: Defaulting to no-operation (NOP) logger implementation
2022-11-03 13:00:36,991 [ERROR] LogOutputStream:74 - [STDERR_REDIRECT] SLF4J: See http://www.slf4j.org/codes.html#StaticLoggerBinder for further details.
2022-11-03 13:00:39,031 [INFO] McuFinderGlobals:57 - Set McuFinderConnectedMode to false
2022-11-03 13:00:39,041 [INFO] MultiScanPanel:195 - Auto-refresh data requested => check proxy status ongoing
2022-11-03 13:00:39,041 [INFO] MultiScanPanel:199 - Proxy status is invalid
2022-11-03 13:00:39,051 [INFO] FinderPluginLoader:92 - Searching for filters in installed packs
2022-11-03 13:00:39,211 [INFO] ApiDb:576 - Connected to CubeFinder SQLite database (C:\Users\rafik\.stmcufinder\plugins\mcufinder\mcu\cube-finder-db.db)
2022-11-03 13:00:39,266 [INFO] ApiDb:663 - CubeFinder database Data Model version=2.1
2022-11-03 13:00:39,266 [INFO] ApiDb:664 - CubeFinder database Configuration version=3.0.32
2022-11-03 13:00:39,266 [INFO] ApiDb:665 - CubeFinder database generation date=2022-08-05 (1659688109)
2022-11-03 13:00:39,271 [INFO] ApiDb:666 - CubeFinder database FW Pack versions=[STM32Cube_FW_C0_V1.0.0, STM32Cube_FW_F4_V1.27.1, STM32Cube_FW_F7_V1.17.0, STM32Cube_FW_G0_V1.6.1, STM32Cube_FW_G4_V1.5.0, STM32Cube_FW_H7_V1.10.0, STM32Cube_FW_L5_V1.4.0, STM32Cube_FW_U5_V1.1.1, STM32Cube_FW_WB_V1.14.1, STM32Cube_FW_WL_V1.2.0, X-CUBE-ALGOBUILD_V1.3.0, X-CUBE-ALS_V1.0.1, X-CUBE-AZRTOS-F4_V1.1.0, X-CUBE-AZRTOS-F7_V1.1.0, X-CUBE-AZRTOS-G0_V1.1.0, X-CUBE-AZRTOS-G4_V1.0.0, X-CUBE-AZRTOS-H7_V2.1.0, X-CUBE-AZRTOS-L4_V1.0.0, X-CUBE-AZRTOS-L5_V1.0.0, X-CUBE-AZRTOS-WL_V1.0.0, X-CUBE-BLE1_V6.2.3, X-CUBE-BLE2_V3.3.0, X-CUBE-EEPRMA1_V3.1.1, X-CUBE-GNSS1_V6.0.0, X-CUBE-MEMS1_V9.1.0, X-CUBE-MEMS1_V9.3.0, X-CUBE-NFC4_V2.0.4, X-CUBE-NFC7_V1.0.0, X-CUBE-SFXS2LP1_V4.0.0, X-CUBE-SUBG2_V5.0.0]
2022-11-03 13:00:42,031 [INFO] ApiDb:239 - Found 138 in-development CPN: [B-WB1M-WPAN1, NUCLEO-C031C6, STEVAL-STWINBX1, STM320518-EVAL, STM32C0116-DK, STM32C011D6Y3TR, STM32C011D6Y6TR, STM32C011F4P3, STM32C011F4P6, STM32C011F4U3, STM32C011F4U6TR, STM32C011F6P3, STM32C011F6P6, STM32C011F6U3, STM32C011F6U6TR, STM32C011J4M3, STM32C011J4M6, STM32C011J6M3, STM32C011J6M6, STM32C0316-DK, STM32C031C4T3, STM32C031C4T6, STM32C031C4U3, STM32C031C4U6, STM32C031C6T3, STM32C031C6T6, STM32C031C6U3, STM32C031C6U6, STM32C031F4P3, STM32C031F4P6, STM32C031F6P3, STM32C031F6P6, STM32C031G4U3, STM32C031G4U6, STM32C031G6U3, STM32C031G6U6, STM32C031K4T3, STM32C031K4T6, STM32C031K4U3, STM32C031K4U6, STM32C031K6T3, STM32C031K6T6, STM32C031K6U3, STM32C031K6U6, STM32G071K8TXN, STM32G071K8UXN, STM32G081GBU6N, STM32G081KBT6N, STM32G081KBUXN, STM32G0B1CCT6N, STM32G0B1KCT6, STM32G0B1NEY6TR, STM32G0B1RCT6N, STM32G0C1CCT6, STM32G0C1CCT6N, STM32G0C1CCU6N, STM32G0C1CET6N, STM32G0C1CEU6N, STM32G0C1KCT6, STM32G0C1NEY6TR, STM32G0C1RCI6N, STM32G0C1RCT6N, STM32G0C1REI6N, STM32G0C1RET6N, STM32G0C1VCI6, STM32G0C1VEI6, STM32G471CCT6, STM32G471CCU6, STM32G471CET3, STM32G471CET6, STM32G471CEU3, STM32G471CEU6, STM32G471MCT6, STM32G471MET3, STM32G471MET6, STM32G471MEY6TR, STM32G471QCT6, STM32G471QET3, STM32G471RCT6, STM32G471RET3, STM32G471RET6, STM32G471VCH6, STM32G471VCI6, STM32G471VCT6, STM32G471VEH3, STM32G471VEH6, STM32G471VEI3, STM32G471VEI6, STM32G471VET3, STM32G471VET6, STM32G474CCT6, STM32L476VGY6PTR, STM32L4R5QGI6STR, STM32MP131AAE3, STM32MP131AAF3, STM32MP131AAG3, STM32MP131CAE3, STM32MP131CAF3, STM32MP131CAG3, STM32MP131DAE7, STM32MP131DAF7, STM32MP131DAG7, STM32MP131FAE7, STM32MP131FAF7, STM32MP131FAG7, STM32MP133AAE3, STM32MP133AAF3, STM32MP133AAG3, STM32MP133CAE3, STM32MP133CAF3, STM32MP133CAG3, STM32MP133DAE7, STM32MP133DAF7, STM32MP133DAG7, STM32MP133FAE7, STM32MP133FAF7, STM32MP133FAG7, STM32MP135AAE3, STM32MP135AAF3, STM32MP135AAG3, STM32MP135CAE3, STM32MP135CAF3, STM32MP135CAG3, STM32MP135DAE7, STM32MP135DAF7, STM32MP135DAG7, STM32MP135F-DK, STM32MP135FAE7, STM32MP135FAF7, STM32MP135FAG7, STM32U595ZJT6Q, STM32U599BJY6QTR, STM32U599NIH6Q, STM32U599NJH6Q, STM32U5A5ZJT6Q, STM32U5A9BJY6QTR, STM32U5A9NJH6Q, STM32WB1MMCH6]
2022-11-03 13:00:42,036 [INFO] DbMcus:215 - Found 3542 MCUs, 3542 are supported
2022-11-03 13:00:42,036 [INFO] ApiDb:418 - Load user favorites file C:\Users\rafik/.stm32cubeide/favorites.mcus.txt: 0 item(s)
2022-11-03 13:00:42,041 [INFO] ApiDb:422 - User favorites MCUs=[]
2022-11-03 13:00:42,041 [INFO] DbMcus:221 - Set 0 / 0 favorites MCUs
2022-11-03 13:00:43,625 [INFO] DetailPanel:339 - Set advertising image to C:/Users/rafik/STM32Cube/Repository/\en.Prom_NBSTM32U50921.jpg
2022-11-03 13:00:44,486 [INFO] ApiDb:663 - CubeFinder database Data Model version=2.1
2022-11-03 13:00:44,486 [INFO] ApiDb:664 - CubeFinder database Configuration version=3.0.32
2022-11-03 13:00:44,486 [INFO] ApiDb:665 - CubeFinder database generation date=2022-08-05 (1659688109)
2022-11-03 13:00:44,486 [INFO] ApiDb:666 - CubeFinder database FW Pack versions=[STM32Cube_FW_C0_V1.0.0, STM32Cube_FW_F4_V1.27.1, STM32Cube_FW_F7_V1.17.0, STM32Cube_FW_G0_V1.6.1, STM32Cube_FW_G4_V1.5.0, STM32Cube_FW_H7_V1.10.0, STM32Cube_FW_L5_V1.4.0, STM32Cube_FW_U5_V1.1.1, STM32Cube_FW_WB_V1.14.1, STM32Cube_FW_WL_V1.2.0, X-CUBE-ALGOBUILD_V1.3.0, X-CUBE-ALS_V1.0.1, X-CUBE-AZRTOS-F4_V1.1.0, X-CUBE-AZRTOS-F7_V1.1.0, X-CUBE-AZRTOS-G0_V1.1.0, X-CUBE-AZRTOS-G4_V1.0.0, X-CUBE-AZRTOS-H7_V2.1.0, X-CUBE-AZRTOS-L4_V1.0.0, X-CUBE-AZRTOS-L5_V1.0.0, X-CUBE-AZRTOS-WL_V1.0.0, X-CUBE-BLE1_V6.2.3, X-CUBE-BLE2_V3.3.0, X-CUBE-EEPRMA1_V3.1.1, X-CUBE-GNSS1_V6.0.0, X-CUBE-MEMS1_V9.1.0, X-CUBE-MEMS1_V9.3.0, X-CUBE-NFC4_V2.0.4, X-CUBE-NFC7_V1.0.0, X-CUBE-SFXS2LP1_V4.0.0, X-CUBE-SUBG2_V5.0.0]
2022-11-03 13:00:44,636 [INFO] DbBoardsSqlite:227 - include board P-NUCLEO-WB55-NUCLEO as a kit item of type 'Nucleo-64'
2022-11-03 13:00:44,636 [INFO] DbBoardsSqlite:227 - include board P-NUCLEO-WB55-USBDONGLE as a kit item of type 'Nucleo USB Dongle'
2022-11-03 13:00:44,636 [INFO] DbBoardsSqlite:227 - include board STEVAL-IDP005V1 as a kit item of type 'Evaluation Board'
2022-11-03 13:00:44,636 [INFO] DbBoardsSqlite:227 - include board STEVAL-IDP005V2 as a kit item of type 'Evaluation Board'
2022-11-03 13:00:44,656 [INFO] ApiDb:239 - Found 138 in-development CPN: [B-WB1M-WPAN1, NUCLEO-C031C6, STEVAL-STWINBX1, STM320518-EVAL, STM32C0116-DK, STM32C011D6Y3TR, STM32C011D6Y6TR, STM32C011F4P3, STM32C011F4P6, STM32C011F4U3, STM32C011F4U6TR, STM32C011F6P3, STM32C011F6P6, STM32C011F6U3, STM32C011F6U6TR, STM32C011J4M3, STM32C011J4M6, STM32C011J6M3, STM32C011J6M6, STM32C0316-DK, STM32C031C4T3, STM32C031C4T6, STM32C031C4U3, STM32C031C4U6, STM32C031C6T3, STM32C031C6T6, STM32C031C6U3, STM32C031C6U6, STM32C031F4P3, STM32C031F4P6, STM32C031F6P3, STM32C031F6P6, STM32C031G4U3, STM32C031G4U6, STM32C031G6U3, STM32C031G6U6, STM32C031K4T3, STM32C031K4T6, STM32C031K4U3, STM32C031K4U6, STM32C031K6T3, STM32C031K6T6, STM32C031K6U3, STM32C031K6U6, STM32G071K8TXN, STM32G071K8UXN, STM32G081GBU6N, STM32G081KBT6N, STM32G081KBUXN, STM32G0B1CCT6N, STM32G0B1KCT6, STM32G0B1NEY6TR, STM32G0B1RCT6N, STM32G0C1CCT6, STM32G0C1CCT6N, STM32G0C1CCU6N, STM32G0C1CET6N, STM32G0C1CEU6N, STM32G0C1KCT6, STM32G0C1NEY6TR, STM32G0C1RCI6N, STM32G0C1RCT6N, STM32G0C1REI6N, STM32G0C1RET6N, STM32G0C1VCI6, STM32G0C1VEI6, STM32G471CCT6, STM32G471CCU6, STM32G471CET3, STM32G471CET6, STM32G471CEU3, STM32G471CEU6, STM32G471MCT6, STM32G471MET3, STM32G471MET6, STM32G471MEY6TR, STM32G471QCT6, STM32G471QET3, STM32G471RCT6, STM32G471RET3, STM32G471RET6, STM32G471VCH6, STM32G471VCI6, STM32G471VCT6, STM32G471VEH3, STM32G471VEH6, STM32G471VEI3, STM32G471VEI6, STM32G471VET3, STM32G471VET6, STM32G474CCT6, STM32L476VGY6PTR, STM32L4R5QGI6STR, STM32MP131AAE3, STM32MP131AAF3, STM32MP131AAG3, STM32MP131CAE3, STM32MP131CAF3, STM32MP131CAG3, STM32MP131DAE7, STM32MP131DAF7, STM32MP131DAG7, STM32MP131FAE7, STM32MP131FAF7, STM32MP131FAG7, STM32MP133AAE3, STM32MP133AAF3, STM32MP133AAG3, STM32MP133CAE3, STM32MP133CAF3, STM32MP133CAG3, STM32MP133DAE7, STM32MP133DAF7, STM32MP133DAG7, STM32MP133FAE7, STM32MP133FAF7, STM32MP133FAG7, STM32MP135AAE3, STM32MP135AAF3, STM32MP135AAG3, STM32MP135CAE3, STM32MP135CAF3, STM32MP135CAG3, STM32MP135DAE7, STM32MP135DAF7, STM32MP135DAG7, STM32MP135F-DK, STM32MP135FAE7, STM32MP135FAF7, STM32MP135FAG7, STM32U595ZJT6Q, STM32U599BJY6QTR, STM32U599NIH6Q, STM32U599NJH6Q, STM32U5A5ZJT6Q, STM32U5A9BJY6QTR, STM32U5A9NJH6Q, STM32WB1MMCH6]
2022-11-03 13:00:44,851 [INFO] BoardInfo:879 - No configuration file found for board P-NUCLEO-WB55
2022-11-03 13:00:44,851 [INFO] DbBoards:156 - Kit is not supported: P-NUCLEO-WB55
2022-11-03 13:00:44,861 [INFO] BoardInfo:879 - No configuration file found for board STEVAL-BFA001V1B
2022-11-03 13:00:44,861 [INFO] DbBoards:156 - Kit is not supported: STEVAL-BFA001V1B
2022-11-03 13:00:44,866 [INFO] BoardInfo:879 - No configuration file found for board STEVAL-BFA001V2B
2022-11-03 13:00:44,866 [INFO] DbBoards:156 - Kit is not supported: STEVAL-BFA001V2B
2022-11-03 13:00:45,086 [INFO] DbBoards:160 - Found 176 boards, 173 are supported
2022-11-03 13:00:45,091 [INFO] ApiDb:409 - User favorites file not found: C:\Users\rafik/.stm32cubeide/favorites.boards.txt
2022-11-03 13:00:45,091 [INFO] DbBoards:189 - Set 0 / 0 favorites Boards
2022-11-03 13:04:09,038 [INFO] McuFinderGlobals:57 - Set McuFinderConnectedMode to true
2022-11-03 13:04:09,043 [INFO] ApiDb:443 - Save user favorites file C:\Users\rafik/.stm32cubeide/favorites.mcus.txt: 0 item(s)
2022-11-03 13:04:09,043 [INFO] ApiDb:447 - User favorites MCUs=[]
