01:06:26 **** Rebuild of configuration Debug for project Question1 ****
Info: Internal Builder is used for build
gcc -O0 -g3 -Wall -c -fmessage-length=0 -o main.o "..\\main.c" 
gcc -o Question1.exe main.o 
Info: Nothing to build for Question1
01:07:25 **** Incremental Build of configuration Debug for project Question1 ****
Info: Internal Builder is used for build
gcc -O0 -g3 -Wall -c -fmessage-length=0 -o main.o "..\\main.c" 
gcc -o Question1.exe main.o 
Info: Nothing to build for Question1
01:08:52 **** Incremental Build of configuration Debug for project Question1 ****
Info: Internal Builder is used for build
gcc -O0 -g3 -Wall -c -fmessage-length=0 -o main.o "..\\main.c" 
gcc -o Question1.exe main.o 
Info: Nothing to build for Question1
01:09:24 **** Incremental Build of configuration Debug for project Question1 ****
Info: Internal Builder is used for build
gcc -O0 -g3 -Wall -c -fmessage-length=0 -o main.o "..\\main.c" 
gcc -o Question1.exe main.o 
01:09:57 **** Incremental Build of configuration Debug for project Question1 ****
Info: Internal Builder is used for build
gcc -O0 -g3 -Wall -c -fmessage-length=0 -o main.o "..\\main.c" 
gcc -o Question1.exe main.o 
Info: Nothing to build for Question1
01:10:53 **** Incremental Build of configuration Debug for project Question1 ****
Info: Internal Builder is used for build
gcc -O0 -g3 -Wall -c -fmessage-length=0 -o main.o "..\\main.c" 
gcc -o Question1.exe main.o 
c:/mingw/bin/../lib/gcc/mingw32/6.3.0/../../../../mingw32/bin/ld.exe: cannot open output file Question1.exe: Permission denied
collect2.exe: error: ld returned 1 exit status
01:11:00 **** Incremental Build of configuration Debug for project Question1 ****
Info: Internal Builder is used for build
gcc -o Question1.exe main.o 
Info: Nothing to build for Question1
01:11:19 **** Incremental Build of configuration Debug for project Question1 ****
Info: Internal Builder is used for build
gcc -O0 -g3 -Wall -c -fmessage-length=0 -o main.o "..\\main.c" 
gcc -o Question1.exe main.o 
Info: Nothing to build for Question1
01:11:50 **** Incremental Build of configuration Debug for project Question1 ****
Info: Internal Builder is used for build
gcc -O0 -g3 -Wall -c -fmessage-length=0 -o main.o "..\\main.c" 
gcc -o Question1.exe main.o 
Info: Nothing to build for Question1
01:12:48 **** Incremental Build of configuration Debug for project Question1 ****
Info: Internal Builder is used for build
gcc -O0 -g3 -Wall -c -fmessage-length=0 -o main.o "..\\main.c" 
gcc -o Question1.exe main.o 
Info: Nothing to build for Question1
01:14:35 **** Incremental Build of configuration Debug for project Question1 ****
Info: Internal Builder is used for build
gcc -O0 -g3 -Wall -c -fmessage-length=0 -o main.o "..\\main.c" 
gcc -o Question1.exe main.o 
Info: Nothing to build for Question1
01:17:21 **** Incremental Build of configuration Debug for project Question1 ****
Info: Internal Builder is used for build
gcc -O0 -g3 -Wall -c -fmessage-length=0 -o main.o "..\\main.c" 
gcc -o Question1.exe main.o 
Info: Nothing to build for Question1
Info: Nothing to build for Question1
Info: Nothing to build for Question1
01:32:31 **** Rebuild of configuration Debug for project Question2 ****
Info: Internal Builder is used for build
gcc -O0 -g3 -Wall -c -fmessage-length=0 -o main.o "..\\main.c" 
gcc -o Question2.exe main.o 
Info: Nothing to build for Question2
Info: Nothing to build for Question1
01:32:53 **** Incremental Build of configuration Debug for project Question2 ****
Info: Internal Builder is used for build
gcc -O0 -g3 -Wall -c -fmessage-length=0 -o main.o "..\\main.c" 
gcc -o Question2.exe main.o 
Info: Nothing to build for Question2
Info: Nothing to build for Question1
01:33:38 **** Incremental Build of configuration Debug for project Question2 ****
Info: Internal Builder is used for build
gcc -O0 -g3 -Wall -c -fmessage-length=0 -o main.o "..\\main.c" 
gcc -o Question2.exe main.o 
Info: Nothing to build for Question2
Info: Nothing to build for Question1
02:07:25 **** Incremental Build of configuration Debug for project Question2 ****
Info: Internal Builder is used for build
gcc -O0 -g3 -Wall -c -fmessage-length=0 -o main.o "..\\main.c" 
..\main.c: In function 'main':
..\main.c:21:15: warning: implicit declaration of function 'malloc' [-Wimplicit-function-declaration]
  ptr =(float*)malloc(n* sizeof(float));
               ^~~~~~
..\main.c:21:15: warning: incompatible implicit declaration of built-in function 'malloc'
..\main.c:21:15: note: include '<stdlib.h>' or provide a declaration of 'malloc'
..\main.c:29:11: warning: format '%f' expects argument of type 'float *', but argument 2 has type 'double' [-Wformat=]
   scanf("%f",ptr[i]);
           ^
..\main.c:30:11: error: invalid type argument of unary '*' (have 'float')
   sum=sum+*ptr[i];
           ^~~~~~~
02:07:25 **** Rebuild of configuration Debug for project Question3 ****
Info: Internal Builder is used for build
gcc -O0 -g3 -Wall -c -fmessage-length=0 -o main.o "..\\main.c" 
gcc -o Question3.exe main.o 
Info: Nothing to build for Question1
02:07:55 **** Incremental Build of configuration Debug for project Question2 ****
Info: Internal Builder is used for build
gcc -O0 -g3 -Wall -c -fmessage-length=0 -o main.o "..\\main.c" 
..\main.c: In function 'main':
..\main.c:30:11: warning: format '%f' expects argument of type 'float *', but argument 2 has type 'double' [-Wformat=]
   scanf("%f",ptr[i]);
           ^
..\main.c:31:11: error: invalid type argument of unary '*' (have 'float')
   sum=sum+*ptr[i];
           ^~~~~~~
Info: Nothing to build for Question3
Info: Nothing to build for Question1
02:07:59 **** Incremental Build of configuration Debug for project Question2 ****
Info: Internal Builder is used for build
gcc -O0 -g3 -Wall -c -fmessage-length=0 -o main.o "..\\main.c" 
..\main.c: In function 'main':
..\main.c:30:11: warning: format '%f' expects argument of type 'float *', but argument 2 has type 'double' [-Wformat=]
   scanf("%f",ptr[i]);
           ^
..\main.c:31:11: error: invalid type argument of unary '*' (have 'float')
   sum=sum+*ptr[i];
           ^~~~~~~
Info: Nothing to build for Question3
Info: Nothing to build for Question1
02:08:04 **** Incremental Build of configuration Debug for project Question2 ****
Info: Internal Builder is used for build
gcc -O0 -g3 -Wall -c -fmessage-length=0 -o main.o "..\\main.c" 
..\main.c: In function 'main':
..\main.c:30:11: warning: format '%f' expects argument of type 'float *', but argument 2 has type 'double' [-Wformat=]
   scanf("%f",ptr[i]);
           ^
..\main.c:31:11: error: invalid type argument of unary '*' (have 'float')
   sum=sum+*ptr[i];
           ^~~~~~~
Info: Nothing to build for Question3
Info: Nothing to build for Question1
02:08:49 **** Incremental Build of configuration Debug for project Question2 ****
Info: Internal Builder is used for build
gcc -O0 -g3 -Wall -c -fmessage-length=0 -o main.o "..\\main.c" 
..\main.c: In function 'main':
..\main.c:31:11: error: invalid type argument of unary '*' (have 'float')
   sum=sum+*ptr[i];
           ^~~~~~~
Info: Nothing to build for Question3
Info: Nothing to build for Question1
02:08:59 **** Incremental Build of configuration Debug for project Question2 ****
Info: Internal Builder is used for build
gcc -O0 -g3 -Wall -c -fmessage-length=0 -o main.o "..\\main.c" 
gcc -o Question2.exe main.o 
Info: Nothing to build for Question3
Info: Nothing to build for Question1
Info: Nothing to build for Question2
Info: Nothing to build for Question3
Info: Nothing to build for Question2
Info: Nothing to build for Question1
02:30:52 **** Incremental Build of configuration Debug for project Question2 ****
Info: Internal Builder is used for build
gcc -O0 -g3 -Wall -c -fmessage-length=0 -o main.o "..\\main.c" 
gcc -o Question2.exe main.o 
02:30:52 **** Incremental Build of configuration Debug for project Question3 ****
Info: Internal Builder is used for build
gcc -O0 -g3 -Wall -c -fmessage-length=0 -o main.o "..\\main.c" 
..\main.c: In function 'main':
..\main.c:35:12: warning: format '%f' expects argument of type 'float *', but argument 2 has type 'int *' [-Wformat=]
    scanf("%f",&ptr[g]);
            ^
gcc -o Question3.exe main.o 
Info: Nothing to build for Question1
Info: Nothing to build for Question2
02:31:06 **** Incremental Build of configuration Debug for project Question3 ****
Info: Internal Builder is used for build
gcc -O0 -g3 -Wall -c -fmessage-length=0 -o main.o "..\\main.c" 
gcc -o Question3.exe main.o 
Info: Nothing to build for Question3
Info: Nothing to build for Question1
Info: Nothing to build for Question2
02:31:45 **** Incremental Build of configuration Debug for project Question3 ****
Info: Internal Builder is used for build
gcc -O0 -g3 -Wall -c -fmessage-length=0 -o main.o "..\\main.c" 
gcc -o Question3.exe main.o 
Info: Nothing to build for Question1
Info: Nothing to build for Question2
02:40:32 **** Incremental Build of configuration Debug for project Question3 ****
Info: Internal Builder is used for build
gcc -O0 -g3 -Wall -c -fmessage-length=0 -o main.o "..\\main.c" 
gcc -o Question3.exe main.o 
Info: Nothing to build for Question3
Info: Nothing to build for Question3
Info: Nothing to build for Question3
Info: Nothing to build for Question1
Info: Nothing to build for Question2
02:41:59 **** Incremental Build of configuration Debug for project Question3 ****
Info: Internal Builder is used for build
gcc -O0 -g3 -Wall -c -fmessage-length=0 -o main.o "..\\main.c" 
gcc -o Question3.exe main.o 
Info: Nothing to build for Question3
Info: Nothing to build for Question1
Info: Nothing to build for Question2
02:51:26 **** Incremental Build of configuration Debug for project Question3 ****
Info: Internal Builder is used for build
gcc -O0 -g3 -Wall -c -fmessage-length=0 -o main.o "..\\main.c" 
gcc -o Question3.exe main.o 
Info: Nothing to build for Question3
Info: Nothing to build for Question1
Info: Nothing to build for Question2
02:52:16 **** Incremental Build of configuration Debug for project Question3 ****
Info: Internal Builder is used for build
gcc -O0 -g3 -Wall -c -fmessage-length=0 -o main.o "..\\main.c" 
gcc -o Question3.exe main.o 
Info: Nothing to build for Question3
Info: Nothing to build for Question1
Info: Nothing to build for Question2
02:53:22 **** Incremental Build of configuration Debug for project Question3 ****
Info: Internal Builder is used for build
gcc -O0 -g3 -Wall -c -fmessage-length=0 -o main.o "..\\main.c" 
gcc -o Question3.exe main.o 
Info: Nothing to build for Question3
Info: Nothing to build for Question1
Info: Nothing to build for Question2
02:53:55 **** Incremental Build of configuration Debug for project Question3 ****
Info: Internal Builder is used for build
gcc -O0 -g3 -Wall -c -fmessage-length=0 -o main.o "..\\main.c" 
..\main.c: In function 'main':
..\main.c:47:46: warning: operation on 'g' may be undefined [-Wsequence-point]
   printf("%d\t%d\t%d \n",ptr[g],ptr[++g],ptr[++g]);
                                              ^~~
..\main.c:47:46: warning: operation on 'g' may be undefined [-Wsequence-point]
gcc -o Question3.exe main.o 
Info: Nothing to build for Question1
Info: Nothing to build for Question2
Info: Nothing to build for Question3
Info: Nothing to build for Question3
Info: Nothing to build for Question1
Info: Nothing to build for Question2
02:55:54 **** Incremental Build of configuration Debug for project Question3 ****
Info: Internal Builder is used for build
gcc -O0 -g3 -Wall -c -fmessage-length=0 -o main.o "..\\main.c" 
..\main.c: In function 'main':
..\main.c:44:22: warning: statement with no effect [-Wunused-value]
  for (int g=0;g<row;g+3)
                     ~^~
gcc -o Question3.exe main.o 
Info: Nothing to build for Question1
Info: Nothing to build for Question2
Info: Nothing to build for Question3
Info: Nothing to build for Question3
Info: Nothing to build for Question1
Info: Nothing to build for Question2
02:57:04 **** Incremental Build of configuration Debug for project Question3 ****
Info: Internal Builder is used for build
gcc -O0 -g3 -Wall -c -fmessage-length=0 -o main.o "..\\main.c" 
gcc -o Question3.exe main.o 
Info: Nothing to build for Question3
Info: Nothing to build for Question1
Info: Nothing to build for Question2
02:57:54 **** Incremental Build of configuration Debug for project Question3 ****
Info: Internal Builder is used for build
gcc -O0 -g3 -Wall -c -fmessage-length=0 -o main.o "..\\main.c" 
gcc -o Question3.exe main.o 
Info: Nothing to build for Question3
Info: Nothing to build for Question1
Info: Nothing to build for Question2
02:58:47 **** Incremental Build of configuration Debug for project Question3 ****
Info: Internal Builder is used for build
gcc -O0 -g3 -Wall -c -fmessage-length=0 -o main.o "..\\main.c" 
gcc -o Question3.exe main.o 
Info: Nothing to build for Question3
Info: Nothing to build for Question1
Info: Nothing to build for Question2
03:24:35 **** Incremental Build of configuration Debug for project Question3 ****
Info: Internal Builder is used for build
gcc -O0 -g3 -Wall -c -fmessage-length=0 -o main.o "..\\main.c" 
gcc -o Question3.exe main.o 
03:24:35 **** Rebuild of configuration Debug for project Question4 ****
Info: Internal Builder is used for build
gcc -O0 -g3 -Wall -c -fmessage-length=0 -o main.o "..\\main.c" 
gcc -o Question4.exe main.o 
Info: Nothing to build for Question4
Info: Nothing to build for Question1
Info: Nothing to build for Question2
Info: Nothing to build for Question3
03:25:15 **** Incremental Build of configuration Debug for project Question4 ****
Info: Internal Builder is used for build
gcc -O0 -g3 -Wall -c -fmessage-length=0 -o main.o "..\\main.c" 
gcc -o Question4.exe main.o 
c:/mingw/bin/../lib/gcc/mingw32/6.3.0/../../../../mingw32/bin/ld.exe: cannot open output file Question4.exe: Permission denied
collect2.exe: error: ld returned 1 exit status
Info: Nothing to build for Question1
Info: Nothing to build for Question2
Info: Nothing to build for Question3
03:25:19 **** Incremental Build of configuration Debug for project Question4 ****
Info: Internal Builder is used for build
gcc -o Question4.exe main.o 
Info: Nothing to build for Question4
Info: Nothing to build for Question1
Info: Nothing to build for Question2
Info: Nothing to build for Question3
03:26:02 **** Incremental Build of configuration Debug for project Question4 ****
Info: Internal Builder is used for build
gcc -O0 -g3 -Wall -c -fmessage-length=0 -o main.o "..\\main.c" 
gcc -o Question4.exe main.o 
Info: Nothing to build for Question4
Info: Nothing to build for Question1
Info: Nothing to build for Question2
Info: Nothing to build for Question3
03:26:53 **** Incremental Build of configuration Debug for project Question4 ****
Info: Internal Builder is used for build
gcc -O0 -g3 -Wall -c -fmessage-length=0 -o main.o "..\\main.c" 
gcc -o Question4.exe main.o 
c:/mingw/bin/../lib/gcc/mingw32/6.3.0/../../../../mingw32/bin/ld.exe: cannot open output file Question4.exe: Permission denied
collect2.exe: error: ld returned 1 exit status
Info: Nothing to build for Question1
Info: Nothing to build for Question2
Info: Nothing to build for Question3
03:26:56 **** Incremental Build of configuration Debug for project Question4 ****
Info: Internal Builder is used for build
gcc -o Question4.exe main.o 
Info: Nothing to build for Question4
Info: Nothing to build for Question1
Info: Nothing to build for Question2
Info: Nothing to build for Question3
03:28:07 **** Incremental Build of configuration Debug for project Question4 ****
Info: Internal Builder is used for build
gcc -O0 -g3 -Wall -c -fmessage-length=0 -o main.o "..\\main.c" 
gcc -o Question4.exe main.o 
Info: Nothing to build for Question4
Info: Nothing to build for Question1
Info: Nothing to build for Question2
Info: Nothing to build for Question3
03:28:36 **** Incremental Build of configuration Debug for project Question4 ****
Info: Internal Builder is used for build
gcc -O0 -g3 -Wall -c -fmessage-length=0 -o main.o "..\\main.c" 
gcc -o Question4.exe main.o 
Info: Nothing to build for Question4
Info: Nothing to build for Question1
Info: Nothing to build for Question2
Info: Nothing to build for Question3
03:29:12 **** Incremental Build of configuration Debug for project Question4 ****
Info: Internal Builder is used for build
gcc -O0 -g3 -Wall -c -fmessage-length=0 -o main.o "..\\main.c" 
gcc -o Question4.exe main.o 
Info: Nothing to build for Question4
Info: Nothing to build for Question1
Info: Nothing to build for Question2
Info: Nothing to build for Question3
Info: Nothing to build for Question4
03:58:20 **** Rebuild of configuration Debug for project Question5 ****
Info: Internal Builder is used for build
gcc -O0 -g3 -Wall -c -fmessage-length=0 -o main.o "..\\main.c" 
..\main.c: In function 'main':
..\main.c:14:23: warning: unused variable 'location' [-Wunused-variable]
  int num, new_element,location;
                       ^~~~~~~~
gcc -o Question5.exe main.o 
Info: Nothing to build for Question1
Info: Nothing to build for Question2
Info: Nothing to build for Question3
Info: Nothing to build for Question4
03:58:34 **** Incremental Build of configuration Debug for project Question5 ****
Info: Internal Builder is used for build
gcc -O0 -g3 -Wall -c -fmessage-length=0 -o main.o "..\\main.c" 
gcc -o Question5.exe main.o 
Info: Nothing to build for Question5
Info: Nothing to build for Question1
Info: Nothing to build for Question2
Info: Nothing to build for Question3
Info: Nothing to build for Question4
03:58:57 **** Incremental Build of configuration Debug for project Question5 ****
Info: Internal Builder is used for build
gcc -O0 -g3 -Wall -c -fmessage-length=0 -o main.o "..\\main.c" 
gcc -o Question5.exe main.o 
Info: Nothing to build for Question5
00:16:00 **** Rebuild of configuration Debug for project Q1_Sum_of_Two_Matrices ****
Info: Internal Builder is used for build
gcc -O0 -g3 -Wall -c -fmessage-length=0 -o main.o "..\\main.c" 
gcc -o Q1_Sum_of_Two_Matrices.exe main.o 
00:16:01 **** Rebuild of configuration Debug for project Q2_Average ****
Info: Internal Builder is used for build
gcc -O0 -g3 -Wall -c -fmessage-length=0 -o main.o "..\\main.c" 
gcc -o Q2_Average.exe main.o 
00:16:02 **** Rebuild of configuration Debug for project Q3_Matrix_Transpose ****
Info: Internal Builder is used for build
gcc -O0 -g3 -Wall -c -fmessage-length=0 -o main.o "..\\main.c" 
gcc -o Q3_Matrix_Transpose.exe main.o 
Info: Nothing to build for Q1_Sum_of_Two_Matrices
Info: Nothing to build for Q2_Average
Info: Nothing to build for Q3_Matrix_Transpose
00:18:42 **** Rebuild of configuration Debug for project Q4_Insert_in_Array ****
Info: Internal Builder is used for build
gcc -O0 -g3 -Wall -c -fmessage-length=0 -o main.o "..\\main.c" 
gcc -o Q4_Insert_in_Array.exe main.o 
00:18:43 **** Rebuild of configuration Debug for project Q5_Search_in_Array ****
Info: Internal Builder is used for build
gcc -O0 -g3 -Wall -c -fmessage-length=0 -o main.o "..\\main.c" 
gcc -o Q5_Search_in_Array.exe main.o 
